mode: set
github.com/AntoineGS/dot-manager/cmd/dot-manager/main.go:31.13,108.42 18 0
github.com/AntoineGS/dot-manager/cmd/dot-manager/main.go:108.42,110.3 1 0
github.com/AntoineGS/dot-manager/cmd/dot-manager/main.go:113.53,117.37 2 1
github.com/AntoineGS/dot-manager/cmd/dot-manager/main.go:117.37,119.17 2 0
github.com/AntoineGS/dot-manager/cmd/dot-manager/main.go:119.17,121.4 1 0
github.com/AntoineGS/dot-manager/cmd/dot-manager/main.go:122.3,122.39 1 0
github.com/AntoineGS/dot-manager/cmd/dot-manager/main.go:126.2,127.16 2 1
github.com/AntoineGS/dot-manager/cmd/dot-manager/main.go:127.16,129.3 1 0
github.com/AntoineGS/dot-manager/cmd/dot-manager/main.go:132.2,133.24 2 1
github.com/AntoineGS/dot-manager/cmd/dot-manager/main.go:133.24,135.3 1 1
github.com/AntoineGS/dot-manager/cmd/dot-manager/main.go:136.2,136.19 1 1
github.com/AntoineGS/dot-manager/cmd/dot-manager/main.go:136.19,138.3 1 1
github.com/AntoineGS/dot-manager/cmd/dot-manager/main.go:141.2,142.55 2 1
github.com/AntoineGS/dot-manager/cmd/dot-manager/main.go:142.55,145.3 2 1
github.com/AntoineGS/dot-manager/cmd/dot-manager/main.go:148.2,152.53 2 1
github.com/AntoineGS/dot-manager/cmd/dot-manager/main.go:152.53,154.3 1 0
github.com/AntoineGS/dot-manager/cmd/dot-manager/main.go:156.2,159.12 3 1
github.com/AntoineGS/dot-manager/cmd/dot-manager/main.go:162.37,164.21 1 1
github.com/AntoineGS/dot-manager/cmd/dot-manager/main.go:164.21,166.17 2 1
github.com/AntoineGS/dot-manager/cmd/dot-manager/main.go:166.17,168.4 1 0
github.com/AntoineGS/dot-manager/cmd/dot-manager/main.go:169.3,169.22 1 1
github.com/AntoineGS/dot-manager/cmd/dot-manager/main.go:173.2,174.16 2 1
github.com/AntoineGS/dot-manager/cmd/dot-manager/main.go:174.16,176.3 1 1
github.com/AntoineGS/dot-manager/cmd/dot-manager/main.go:178.2,178.30 1 0
github.com/AntoineGS/dot-manager/cmd/dot-manager/main.go:181.71,183.16 2 0
github.com/AntoineGS/dot-manager/cmd/dot-manager/main.go:183.16,185.3 1 0
github.com/AntoineGS/dot-manager/cmd/dot-manager/main.go:187.2,189.16 3 0
github.com/AntoineGS/dot-manager/cmd/dot-manager/main.go:189.16,191.3 1 0
github.com/AntoineGS/dot-manager/cmd/dot-manager/main.go:194.2,194.51 1 0
github.com/AntoineGS/dot-manager/cmd/dot-manager/main.go:194.51,196.3 1 0
github.com/AntoineGS/dot-manager/cmd/dot-manager/main.go:196.8,196.87 1 0
github.com/AntoineGS/dot-manager/cmd/dot-manager/main.go:196.87,200.3 1 0
github.com/AntoineGS/dot-manager/cmd/dot-manager/main.go:202.2,204.22 2 0
github.com/AntoineGS/dot-manager/cmd/dot-manager/main.go:204.22,205.73 1 0
github.com/AntoineGS/dot-manager/cmd/dot-manager/main.go:205.73,207.4 1 0
github.com/AntoineGS/dot-manager/cmd/dot-manager/main.go:208.3,208.33 1 0
github.com/AntoineGS/dot-manager/cmd/dot-manager/main.go:214.2,214.35 1 0
github.com/AntoineGS/dot-manager/cmd/dot-manager/main.go:217.48,219.16 2 0
github.com/AntoineGS/dot-manager/cmd/dot-manager/main.go:219.16,221.3 1 0
github.com/AntoineGS/dot-manager/cmd/dot-manager/main.go:223.2,232.17 8 0
github.com/AntoineGS/dot-manager/cmd/dot-manager/main.go:235.57,237.16 2 0
github.com/AntoineGS/dot-manager/cmd/dot-manager/main.go:237.16,239.3 1 0
github.com/AntoineGS/dot-manager/cmd/dot-manager/main.go:242.2,242.23 1 0
github.com/AntoineGS/dot-manager/cmd/dot-manager/main.go:242.23,244.3 1 0
github.com/AntoineGS/dot-manager/cmd/dot-manager/main.go:246.2,246.47 1 0
github.com/AntoineGS/dot-manager/cmd/dot-manager/main.go:249.58,250.17 1 0
github.com/AntoineGS/dot-manager/cmd/dot-manager/main.go:250.17,252.3 1 0
github.com/AntoineGS/dot-manager/cmd/dot-manager/main.go:254.2,255.16 2 0
github.com/AntoineGS/dot-manager/cmd/dot-manager/main.go:255.16,257.3 1 0
github.com/AntoineGS/dot-manager/cmd/dot-manager/main.go:259.2,259.12 1 0
github.com/AntoineGS/dot-manager/cmd/dot-manager/main.go:259.12,261.3 1 0
github.com/AntoineGS/dot-manager/cmd/dot-manager/main.go:263.2,263.35 1 0
github.com/AntoineGS/dot-manager/cmd/dot-manager/main.go:266.54,274.12 5 0
github.com/AntoineGS/dot-manager/cmd/dot-manager/main.go:274.12,278.3 3 0
github.com/AntoineGS/dot-manager/cmd/dot-manager/main.go:280.2,280.34 1 0
github.com/AntoineGS/dot-manager/cmd/dot-manager/main.go:283.57,284.17 1 0
github.com/AntoineGS/dot-manager/cmd/dot-manager/main.go:284.17,286.3 1 0
github.com/AntoineGS/dot-manager/cmd/dot-manager/main.go:288.2,289.16 2 0
github.com/AntoineGS/dot-manager/cmd/dot-manager/main.go:289.16,291.3 1 0
github.com/AntoineGS/dot-manager/cmd/dot-manager/main.go:293.2,293.12 1 0
github.com/AntoineGS/dot-manager/cmd/dot-manager/main.go:293.12,295.3 1 0
github.com/AntoineGS/dot-manager/cmd/dot-manager/main.go:297.2,297.34 1 0
github.com/AntoineGS/dot-manager/cmd/dot-manager/main.go:300.53,308.12 5 0
github.com/AntoineGS/dot-manager/cmd/dot-manager/main.go:308.12,312.3 3 0
github.com/AntoineGS/dot-manager/cmd/dot-manager/main.go:314.2,314.33 1 0
github.com/AntoineGS/dot-manager/cmd/dot-manager/main.go:317.50,319.16 2 0
github.com/AntoineGS/dot-manager/cmd/dot-manager/main.go:319.16,321.3 1 0
github.com/AntoineGS/dot-manager/cmd/dot-manager/main.go:323.2,323.32 1 0
github.com/AntoineGS/dot-manager/cmd/dot-manager/main.go:326.49,328.2 1 0
github.com/AntoineGS/dot-manager/cmd/dot-manager/main.go:330.58,331.17 1 0
github.com/AntoineGS/dot-manager/cmd/dot-manager/main.go:331.17,333.3 1 0
github.com/AntoineGS/dot-manager/cmd/dot-manager/main.go:335.2,336.16 2 0
github.com/AntoineGS/dot-manager/cmd/dot-manager/main.go:336.16,338.3 1 0
github.com/AntoineGS/dot-manager/cmd/dot-manager/main.go:340.2,353.30 5 0
github.com/AntoineGS/dot-manager/cmd/dot-manager/main.go:353.30,355.3 1 0
github.com/AntoineGS/dot-manager/cmd/dot-manager/main.go:358.2,365.28 3 0
github.com/AntoineGS/dot-manager/cmd/dot-manager/main.go:365.28,367.3 1 0
github.com/AntoineGS/dot-manager/cmd/dot-manager/main.go:369.2,369.12 1 0
github.com/AntoineGS/dot-manager/cmd/dot-manager/main.go:369.12,371.3 1 0
github.com/AntoineGS/dot-manager/cmd/dot-manager/main.go:374.2,377.19 2 0
github.com/AntoineGS/dot-manager/cmd/dot-manager/main.go:377.19,379.41 2 0
github.com/AntoineGS/dot-manager/cmd/dot-manager/main.go:379.41,380.30 1 0
github.com/AntoineGS/dot-manager/cmd/dot-manager/main.go:380.30,381.25 1 0
github.com/AntoineGS/dot-manager/cmd/dot-manager/main.go:381.25,383.11 2 0
github.com/AntoineGS/dot-manager/cmd/dot-manager/main.go:387.3,387.31 1 0
github.com/AntoineGS/dot-manager/cmd/dot-manager/main.go:390.2,395.28 4 0
github.com/AntoineGS/dot-manager/cmd/dot-manager/main.go:395.28,396.16 1 0
github.com/AntoineGS/dot-manager/cmd/dot-manager/main.go:396.16,399.4 2 0
github.com/AntoineGS/dot-manager/cmd/dot-manager/main.go:399.9,402.4 2 0
github.com/AntoineGS/dot-manager/cmd/dot-manager/main.go:405.2,407.19 2 0
github.com/AntoineGS/dot-manager/cmd/dot-manager/main.go:407.19,409.3 1 0
github.com/AntoineGS/dot-manager/cmd/dot-manager/main.go:410.2,410.12 1 0
github.com/AntoineGS/dot-manager/cmd/dot-manager/main.go:413.58,415.16 2 0
github.com/AntoineGS/dot-manager/cmd/dot-manager/main.go:415.16,417.3 1 0
github.com/AntoineGS/dot-manager/cmd/dot-manager/main.go:420.2,429.30 3 0
github.com/AntoineGS/dot-manager/cmd/dot-manager/main.go:429.30,432.3 2 0
github.com/AntoineGS/dot-manager/cmd/dot-manager/main.go:435.2,443.45 3 0
github.com/AntoineGS/dot-manager/cmd/dot-manager/main.go:443.45,448.18 4 0
github.com/AntoineGS/dot-manager/cmd/dot-manager/main.go:448.18,451.4 2 0
github.com/AntoineGS/dot-manager/cmd/dot-manager/main.go:453.3,454.28 2 0
github.com/AntoineGS/dot-manager/cmd/dot-manager/main.go:454.28,456.4 1 0
github.com/AntoineGS/dot-manager/cmd/dot-manager/main.go:459.2,459.12 1 0
github.com/AntoineGS/dot-manager/cmd/dot-manager/main.go:462.72,464.25 2 1
github.com/AntoineGS/dot-manager/cmd/dot-manager/main.go:464.25,466.3 1 1
github.com/AntoineGS/dot-manager/cmd/dot-manager/main.go:467.2,467.15 1 1
github.com/AntoineGS/dot-manager/internal/config/appconfig.go:26.42,28.16 2 1
github.com/AntoineGS/dot-manager/internal/config/appconfig.go:28.16,30.3 1 0
github.com/AntoineGS/dot-manager/internal/config/appconfig.go:32.2,35.16 3 1
github.com/AntoineGS/dot-manager/internal/config/appconfig.go:35.16,36.25 1 1
github.com/AntoineGS/dot-manager/internal/config/appconfig.go:36.25,38.4 1 1
github.com/AntoineGS/dot-manager/internal/config/appconfig.go:40.3,40.56 1 0
github.com/AntoineGS/dot-manager/internal/config/appconfig.go:43.2,44.51 2 1
github.com/AntoineGS/dot-manager/internal/config/appconfig.go:44.51,46.3 1 1
github.com/AntoineGS/dot-manager/internal/config/appconfig.go:48.2,48.25 1 1
github.com/AntoineGS/dot-manager/internal/config/appconfig.go:48.25,50.3 1 1
github.com/AntoineGS/dot-manager/internal/config/appconfig.go:53.2,53.55 1 1
github.com/AntoineGS/dot-manager/internal/config/appconfig.go:53.55,55.3 1 1
github.com/AntoineGS/dot-manager/internal/config/appconfig.go:58.2,58.58 1 1
github.com/AntoineGS/dot-manager/internal/config/appconfig.go:58.58,60.3 1 1
github.com/AntoineGS/dot-manager/internal/config/appconfig.go:62.2,62.18 1 1
github.com/AntoineGS/dot-manager/internal/config/appconfig.go:66.42,68.16 2 1
github.com/AntoineGS/dot-manager/internal/config/appconfig.go:68.16,70.3 1 0
github.com/AntoineGS/dot-manager/internal/config/appconfig.go:72.2,73.53 2 1
github.com/AntoineGS/dot-manager/internal/config/appconfig.go:73.53,75.3 1 0
github.com/AntoineGS/dot-manager/internal/config/appconfig.go:77.2,80.16 3 1
github.com/AntoineGS/dot-manager/internal/config/appconfig.go:80.16,82.3 1 0
github.com/AntoineGS/dot-manager/internal/config/appconfig.go:85.2,88.72 2 1
github.com/AntoineGS/dot-manager/internal/config/appconfig.go:88.72,90.3 1 0
github.com/AntoineGS/dot-manager/internal/config/appconfig.go:92.2,92.12 1 1
github.com/AntoineGS/dot-manager/internal/config/appconfig.go:96.48,98.2 1 1
github.com/AntoineGS/dot-manager/internal/config/appconfig.go:102.29,104.16 2 1
github.com/AntoineGS/dot-manager/internal/config/appconfig.go:104.16,106.3 1 0
github.com/AntoineGS/dot-manager/internal/config/appconfig.go:108.2,108.57 1 1
github.com/AntoineGS/dot-manager/internal/config/config.go:30.41,32.16 2 1
github.com/AntoineGS/dot-manager/internal/config/config.go:32.16,34.3 1 1
github.com/AntoineGS/dot-manager/internal/config/config.go:36.2,37.51 2 1
github.com/AntoineGS/dot-manager/internal/config/config.go:37.51,39.3 1 1
github.com/AntoineGS/dot-manager/internal/config/config.go:41.2,41.22 1 1
github.com/AntoineGS/dot-manager/internal/config/config.go:41.22,43.3 1 1
github.com/AntoineGS/dot-manager/internal/config/config.go:45.2,45.22 1 1
github.com/AntoineGS/dot-manager/internal/config/config.go:45.22,47.3 1 1
github.com/AntoineGS/dot-manager/internal/config/config.go:49.2,49.18 1 1
github.com/AntoineGS/dot-manager/internal/config/config.go:54.57,58.32 2 1
github.com/AntoineGS/dot-manager/internal/config/config.go:58.32,59.44 1 1
github.com/AntoineGS/dot-manager/internal/config/config.go:59.44,61.59 2 1
github.com/AntoineGS/dot-manager/internal/config/config.go:61.59,63.5 1 1
github.com/AntoineGS/dot-manager/internal/config/config.go:65.4,65.54 1 1
github.com/AntoineGS/dot-manager/internal/config/config.go:65.54,67.5 1 1
github.com/AntoineGS/dot-manager/internal/config/config.go:73.76,76.37 2 1
github.com/AntoineGS/dot-manager/internal/config/config.go:76.37,77.39 1 1
github.com/AntoineGS/dot-manager/internal/config/config.go:77.39,79.4 1 1
github.com/AntoineGS/dot-manager/internal/config/config.go:82.2,82.15 1 1
github.com/AntoineGS/dot-manager/internal/config/config.go:86.66,91.27 3 1
github.com/AntoineGS/dot-manager/internal/config/config.go:91.27,93.3 1 1
github.com/AntoineGS/dot-manager/internal/config/config.go:95.2,96.27 2 1
github.com/AntoineGS/dot-manager/internal/config/config.go:96.27,98.3 1 1
github.com/AntoineGS/dot-manager/internal/config/config.go:100.2,100.15 1 1
github.com/AntoineGS/dot-manager/internal/config/config.go:104.72,110.27 4 1
github.com/AntoineGS/dot-manager/internal/config/config.go:110.27,111.37 1 1
github.com/AntoineGS/dot-manager/internal/config/config.go:111.37,112.24 1 1
github.com/AntoineGS/dot-manager/internal/config/config.go:112.24,114.5 1 1
github.com/AntoineGS/dot-manager/internal/config/config.go:118.2,118.15 1 1
github.com/AntoineGS/dot-manager/internal/config/config.go:122.66,126.27 3 0
github.com/AntoineGS/dot-manager/internal/config/config.go:126.27,127.23 1 0
github.com/AntoineGS/dot-manager/internal/config/config.go:127.23,136.4 2 0
github.com/AntoineGS/dot-manager/internal/config/config.go:139.2,139.15 1 0
github.com/AntoineGS/dot-manager/internal/config/config.go:145.64,146.16 1 1
github.com/AntoineGS/dot-manager/internal/config/config.go:146.16,148.3 1 1
github.com/AntoineGS/dot-manager/internal/config/config.go:151.2,151.35 1 1
github.com/AntoineGS/dot-manager/internal/config/config.go:151.35,153.17 2 1
github.com/AntoineGS/dot-manager/internal/config/config.go:153.17,155.4 1 1
github.com/AntoineGS/dot-manager/internal/config/config.go:156.8,156.24 1 1
github.com/AntoineGS/dot-manager/internal/config/config.go:156.24,158.17 2 1
github.com/AntoineGS/dot-manager/internal/config/config.go:158.17,160.4 1 1
github.com/AntoineGS/dot-manager/internal/config/config.go:164.2,164.34 1 1
github.com/AntoineGS/dot-manager/internal/config/config.go:164.34,166.3 1 1
github.com/AntoineGS/dot-manager/internal/config/config.go:169.2,171.13 2 1
github.com/AntoineGS/dot-manager/internal/config/config.go:175.43,177.16 2 1
github.com/AntoineGS/dot-manager/internal/config/config.go:177.16,179.3 1 0
github.com/AntoineGS/dot-manager/internal/config/config.go:183.2,183.55 1 1
github.com/AntoineGS/dot-manager/internal/config/config.go:183.55,185.3 1 1
github.com/AntoineGS/dot-manager/internal/config/config.go:187.2,187.12 1 1
github.com/AntoineGS/dot-manager/internal/config/entry.go:44.62,53.42 3 1
github.com/AntoineGS/dot-manager/internal/config/entry.go:53.42,55.3 1 0
github.com/AntoineGS/dot-manager/internal/config/entry.go:58.2,58.25 1 1
github.com/AntoineGS/dot-manager/internal/config/entry.go:58.25,60.40 2 1
github.com/AntoineGS/dot-manager/internal/config/entry.go:60.40,61.20 1 1
github.com/AntoineGS/dot-manager/internal/config/entry.go:61.20,64.12 2 0
github.com/AntoineGS/dot-manager/internal/config/entry.go:64.12,66.6 1 0
github.com/AntoineGS/dot-manager/internal/config/entry.go:69.5,70.19 2 0
github.com/AntoineGS/dot-manager/internal/config/entry.go:70.19,72.6 1 0
github.com/AntoineGS/dot-manager/internal/config/entry.go:74.5,75.61 2 0
github.com/AntoineGS/dot-manager/internal/config/entry.go:75.61,77.6 1 0
github.com/AntoineGS/dot-manager/internal/config/entry.go:79.5,79.30 1 0
github.com/AntoineGS/dot-manager/internal/config/entry.go:80.10,83.5 1 1
github.com/AntoineGS/dot-manager/internal/config/entry.go:87.2,90.12 3 1
github.com/AntoineGS/dot-manager/internal/config/entry.go:94.73,95.24 1 0
github.com/AntoineGS/dot-manager/internal/config/entry.go:95.24,97.3 1 0
github.com/AntoineGS/dot-manager/internal/config/entry.go:99.2,100.9 2 0
github.com/AntoineGS/dot-manager/internal/config/entry.go:100.9,102.3 1 0
github.com/AntoineGS/dot-manager/internal/config/entry.go:104.2,105.16 2 0
github.com/AntoineGS/dot-manager/internal/config/entry.go:109.61,110.24 1 0
github.com/AntoineGS/dot-manager/internal/config/entry.go:110.24,112.3 1 0
github.com/AntoineGS/dot-manager/internal/config/entry.go:114.2,115.9 2 0
github.com/AntoineGS/dot-manager/internal/config/entry.go:115.9,117.3 1 0
github.com/AntoineGS/dot-manager/internal/config/entry.go:119.2,120.9 2 0
github.com/AntoineGS/dot-manager/internal/config/entry.go:120.9,122.3 1 0
github.com/AntoineGS/dot-manager/internal/config/entry.go:124.2,124.22 1 0
github.com/AntoineGS/dot-manager/internal/config/entry.go:128.33,130.2 1 0
github.com/AntoineGS/dot-manager/internal/config/entry.go:133.35,135.2 1 0
github.com/AntoineGS/dot-manager/internal/config/entry.go:138.33,140.2 1 0
github.com/AntoineGS/dot-manager/internal/config/entry.go:143.49,144.41 1 0
github.com/AntoineGS/dot-manager/internal/config/entry.go:144.41,146.3 1 0
github.com/AntoineGS/dot-manager/internal/config/entry.go:148.2,148.11 1 0
github.com/AntoineGS/dot-manager/internal/config/entry.go:172.36,174.2 1 1
github.com/AntoineGS/dot-manager/internal/config/entry.go:177.36,179.2 1 1
github.com/AntoineGS/dot-manager/internal/config/entry.go:182.52,183.41 1 1
github.com/AntoineGS/dot-manager/internal/config/entry.go:183.41,185.3 1 1
github.com/AntoineGS/dot-manager/internal/config/entry.go:187.2,187.11 1 0
github.com/AntoineGS/dot-manager/internal/config/entry.go:191.41,193.2 1 1
github.com/AntoineGS/dot-manager/internal/config/errors.go:21.43,22.24 1 1
github.com/AntoineGS/dot-manager/internal/config/errors.go:22.24,24.3 1 1
github.com/AntoineGS/dot-manager/internal/config/errors.go:26.2,27.31 2 1
github.com/AntoineGS/dot-manager/internal/config/errors.go:27.31,29.3 1 1
github.com/AntoineGS/dot-manager/internal/config/errors.go:31.2,31.71 1 1
github.com/AntoineGS/dot-manager/internal/config/errors.go:36.43,37.16 1 1
github.com/AntoineGS/dot-manager/internal/config/errors.go:37.16,39.3 1 1
github.com/AntoineGS/dot-manager/internal/config/errors.go:43.45,45.2 1 1
github.com/AntoineGS/dot-manager/internal/config/errors.go:55.37,57.2 1 0
github.com/AntoineGS/dot-manager/internal/config/errors.go:59.37,61.2 1 1
github.com/AntoineGS/dot-manager/internal/config/errors.go:64.71,71.2 1 1
github.com/AntoineGS/dot-manager/internal/config/filter.go:24.51,26.39 1 1
github.com/AntoineGS/dot-manager/internal/config/filter.go:26.39,28.38 2 1
github.com/AntoineGS/dot-manager/internal/config/filter.go:28.38,30.4 1 1
github.com/AntoineGS/dot-manager/internal/config/filter.go:34.2,34.39 1 1
github.com/AntoineGS/dot-manager/internal/config/filter.go:34.39,36.37 2 1
github.com/AntoineGS/dot-manager/internal/config/filter.go:36.37,38.4 1 1
github.com/AntoineGS/dot-manager/internal/config/filter.go:41.2,41.13 1 1
github.com/AntoineGS/dot-manager/internal/config/filter.go:44.60,45.14 1 1
github.com/AntoineGS/dot-manager/internal/config/filter.go:46.12,47.16 1 1
github.com/AntoineGS/dot-manager/internal/config/filter.go:48.16,49.20 1 1
github.com/AntoineGS/dot-manager/internal/config/filter.go:50.18,51.22 1 1
github.com/AntoineGS/dot-manager/internal/config/filter.go:52.14,53.18 1 1
github.com/AntoineGS/dot-manager/internal/config/filter.go:54.10,55.12 1 1
github.com/AntoineGS/dot-manager/internal/config/filter.go:59.49,61.16 2 1
github.com/AntoineGS/dot-manager/internal/config/filter.go:61.16,63.3 1 1
github.com/AntoineGS/dot-manager/internal/config/filter.go:65.2,65.30 1 1
github.com/AntoineGS/dot-manager/internal/config/filter.go:70.64,71.23 1 1
github.com/AntoineGS/dot-manager/internal/config/filter.go:71.23,73.3 1 1
github.com/AntoineGS/dot-manager/internal/config/filter.go:75.2,75.28 1 1
github.com/AntoineGS/dot-manager/internal/config/filter.go:75.28,76.21 1 1
github.com/AntoineGS/dot-manager/internal/config/filter.go:76.21,78.4 1 1
github.com/AntoineGS/dot-manager/internal/config/filter.go:81.2,81.14 1 1
github.com/AntoineGS/dot-manager/internal/config/validate.go:15.41,16.19 1 0
github.com/AntoineGS/dot-manager/internal/config/validate.go:16.19,18.3 1 0
github.com/AntoineGS/dot-manager/internal/config/validate.go:20.2,20.62 1 0
github.com/AntoineGS/dot-manager/internal/config/validate.go:25.38,27.40 1 0
github.com/AntoineGS/dot-manager/internal/config/validate.go:27.40,29.3 1 0
github.com/AntoineGS/dot-manager/internal/config/validate.go:32.2,32.34 1 0
github.com/AntoineGS/dot-manager/internal/config/validate.go:32.34,34.3 1 0
github.com/AntoineGS/dot-manager/internal/config/validate.go:36.2,36.12 1 0
github.com/AntoineGS/dot-manager/internal/config/validate.go:40.36,42.37 1 0
github.com/AntoineGS/dot-manager/internal/config/validate.go:42.37,48.3 1 0
github.com/AntoineGS/dot-manager/internal/config/validate.go:50.2,54.30 3 0
github.com/AntoineGS/dot-manager/internal/config/validate.go:54.30,59.3 1 0
github.com/AntoineGS/dot-manager/internal/config/validate.go:62.2,62.14 1 0
github.com/AntoineGS/dot-manager/internal/config/validate.go:62.14,63.49 1 0
github.com/AntoineGS/dot-manager/internal/config/validate.go:63.49,65.4 1 0
github.com/AntoineGS/dot-manager/internal/config/validate.go:69.2,69.16 1 0
github.com/AntoineGS/dot-manager/internal/config/validate.go:69.16,70.50 1 0
github.com/AntoineGS/dot-manager/internal/config/validate.go:70.50,72.4 1 0
github.com/AntoineGS/dot-manager/internal/config/validate.go:75.2,75.12 1 0
github.com/AntoineGS/dot-manager/internal/config/validate.go:78.43,80.39 1 0
github.com/AntoineGS/dot-manager/internal/config/validate.go:80.39,86.3 1 0
github.com/AntoineGS/dot-manager/internal/config/validate.go:88.2,88.47 1 0
github.com/AntoineGS/dot-manager/internal/config/validate.go:88.47,94.3 1 0
github.com/AntoineGS/dot-manager/internal/config/validate.go:97.2,97.25 1 0
github.com/AntoineGS/dot-manager/internal/config/validate.go:97.25,103.3 1 0
github.com/AntoineGS/dot-manager/internal/config/validate.go:106.2,106.36 1 0
github.com/AntoineGS/dot-manager/internal/config/validate.go:106.36,107.38 1 0
github.com/AntoineGS/dot-manager/internal/config/validate.go:107.38,113.4 1 0
github.com/AntoineGS/dot-manager/internal/config/validate.go:115.3,115.46 1 0
github.com/AntoineGS/dot-manager/internal/config/validate.go:115.46,121.4 1 0
github.com/AntoineGS/dot-manager/internal/config/validate.go:124.2,124.12 1 0
github.com/AntoineGS/dot-manager/internal/config/validate.go:127.44,135.43 5 0
github.com/AntoineGS/dot-manager/internal/config/validate.go:135.43,141.3 1 0
github.com/AntoineGS/dot-manager/internal/config/validate.go:143.2,143.12 1 0
github.com/AntoineGS/dot-manager/internal/config/validate.go:147.47,151.25 3 0
github.com/AntoineGS/dot-manager/internal/config/validate.go:151.25,153.28 1 0
github.com/AntoineGS/dot-manager/internal/config/validate.go:153.28,159.12 2 0
github.com/AntoineGS/dot-manager/internal/config/validate.go:161.3,163.52 2 0
github.com/AntoineGS/dot-manager/internal/config/validate.go:163.52,165.4 1 0
github.com/AntoineGS/dot-manager/internal/config/validate.go:168.2,168.15 1 0
github.com/AntoineGS/dot-manager/internal/config/validate.go:172.42,176.22 2 0
github.com/AntoineGS/dot-manager/internal/config/validate.go:176.22,178.3 1 0
github.com/AntoineGS/dot-manager/internal/config/validate.go:182.2,182.15 1 0
github.com/AntoineGS/dot-manager/internal/platform/platform.go:36.25,44.21 2 1
github.com/AntoineGS/dot-manager/internal/platform/platform.go:44.21,47.3 2 1
github.com/AntoineGS/dot-manager/internal/platform/platform.go:49.2,49.23 1 1
github.com/AntoineGS/dot-manager/internal/platform/platform.go:49.23,51.3 1 0
github.com/AntoineGS/dot-manager/internal/platform/platform.go:53.2,53.10 1 1
github.com/AntoineGS/dot-manager/internal/platform/platform.go:58.28,60.16 2 1
github.com/AntoineGS/dot-manager/internal/platform/platform.go:60.16,66.3 2 0
github.com/AntoineGS/dot-manager/internal/platform/platform.go:68.2,69.29 2 1
github.com/AntoineGS/dot-manager/internal/platform/platform.go:69.29,70.37 1 1
github.com/AntoineGS/dot-manager/internal/platform/platform.go:70.37,75.4 3 1
github.com/AntoineGS/dot-manager/internal/platform/platform.go:78.2,78.11 1 0
github.com/AntoineGS/dot-manager/internal/platform/platform.go:81.30,83.16 2 1
github.com/AntoineGS/dot-manager/internal/platform/platform.go:83.16,88.3 2 0
github.com/AntoineGS/dot-manager/internal/platform/platform.go:90.2,90.17 1 1
github.com/AntoineGS/dot-manager/internal/platform/platform.go:93.26,95.16 2 1
github.com/AntoineGS/dot-manager/internal/platform/platform.go:95.16,100.3 2 0
github.com/AntoineGS/dot-manager/internal/platform/platform.go:102.2,102.19 1 1
github.com/AntoineGS/dot-manager/internal/platform/platform.go:105.24,106.31 1 1
github.com/AntoineGS/dot-manager/internal/platform/platform.go:106.31,108.3 1 0
github.com/AntoineGS/dot-manager/internal/platform/platform.go:111.2,112.57 2 1
github.com/AntoineGS/dot-manager/internal/platform/platform.go:112.57,114.3 1 0
github.com/AntoineGS/dot-manager/internal/platform/platform.go:116.2,116.16 1 1
github.com/AntoineGS/dot-manager/internal/platform/platform.go:119.46,123.16 3 0
github.com/AntoineGS/dot-manager/internal/platform/platform.go:123.16,125.3 1 0
github.com/AntoineGS/dot-manager/internal/platform/platform.go:127.2,128.19 2 0
github.com/AntoineGS/dot-manager/internal/platform/platform.go:128.19,132.3 3 0
github.com/AntoineGS/dot-manager/internal/platform/platform.go:136.52,141.2 3 1
github.com/AntoineGS/dot-manager/internal/platform/platform.go:144.60,149.2 3 0
github.com/AntoineGS/dot-manager/internal/platform/platform.go:152.56,157.2 3 0
github.com/AntoineGS/dot-manager/internal/platform/platform.go:160.56,165.2 3 0
github.com/AntoineGS/dot-manager/internal/platform/platform.go:168.42,171.2 2 1
github.com/AntoineGS/dot-manager/internal/platform/platform.go:185.41,188.43 2 1
github.com/AntoineGS/dot-manager/internal/platform/platform.go:188.43,189.30 1 1
github.com/AntoineGS/dot-manager/internal/platform/platform.go:189.30,191.4 1 1
github.com/AntoineGS/dot-manager/internal/platform/platform.go:194.2,194.18 1 1
github.com/AntoineGS/dot-manager/internal/packages/errors.go:25.39,27.2 1 1
github.com/AntoineGS/dot-manager/internal/packages/errors.go:29.39,31.2 1 1
github.com/AntoineGS/dot-manager/internal/packages/errors.go:34.79,40.2 1 1
github.com/AntoineGS/dot-manager/internal/packages/packages.go:81.56,93.44 3 1
github.com/AntoineGS/dot-manager/internal/packages/packages.go:93.44,95.3 1 0
github.com/AntoineGS/dot-manager/internal/packages/packages.go:98.2,106.45 7 1
github.com/AntoineGS/dot-manager/internal/packages/packages.go:106.45,110.16 2 1
github.com/AntoineGS/dot-manager/internal/packages/packages.go:110.16,112.52 2 1
github.com/AntoineGS/dot-manager/internal/packages/packages.go:112.52,114.5 1 0
github.com/AntoineGS/dot-manager/internal/packages/packages.go:115.4,115.27 1 1
github.com/AntoineGS/dot-manager/internal/packages/packages.go:116.9,119.53 2 1
github.com/AntoineGS/dot-manager/internal/packages/packages.go:119.53,121.5 1 0
github.com/AntoineGS/dot-manager/internal/packages/packages.go:122.4,122.28 1 1
github.com/AntoineGS/dot-manager/internal/packages/packages.go:126.2,126.12 1 1
github.com/AntoineGS/dot-manager/internal/packages/packages.go:169.76,181.2 4 1
github.com/AntoineGS/dot-manager/internal/packages/packages.go:184.61,188.2 3 0
github.com/AntoineGS/dot-manager/internal/packages/packages.go:190.45,191.57 1 1
github.com/AntoineGS/dot-manager/internal/packages/packages.go:191.57,193.3 1 1
github.com/AntoineGS/dot-manager/internal/packages/packages.go:196.44,198.39 1 1
github.com/AntoineGS/dot-manager/internal/packages/packages.go:198.39,199.48 1 1
github.com/AntoineGS/dot-manager/internal/packages/packages.go:199.48,200.25 1 1
github.com/AntoineGS/dot-manager/internal/packages/packages.go:200.25,203.5 2 1
github.com/AntoineGS/dot-manager/internal/packages/packages.go:208.2,208.76 1 1
github.com/AntoineGS/dot-manager/internal/packages/packages.go:208.76,211.3 2 1
github.com/AntoineGS/dot-manager/internal/packages/packages.go:214.2,214.32 1 1
github.com/AntoineGS/dot-manager/internal/packages/packages.go:214.32,215.62 1 1
github.com/AntoineGS/dot-manager/internal/packages/packages.go:215.62,216.25 1 1
github.com/AntoineGS/dot-manager/internal/packages/packages.go:216.25,219.5 2 1
github.com/AntoineGS/dot-manager/internal/packages/packages.go:221.8,223.75 1 1
github.com/AntoineGS/dot-manager/internal/packages/packages.go:223.75,224.25 1 1
github.com/AntoineGS/dot-manager/internal/packages/packages.go:224.25,227.5 2 1
github.com/AntoineGS/dot-manager/internal/packages/packages.go:234.55,235.40 1 1
github.com/AntoineGS/dot-manager/internal/packages/packages.go:235.40,236.23 1 1
github.com/AntoineGS/dot-manager/internal/packages/packages.go:236.23,238.4 1 1
github.com/AntoineGS/dot-manager/internal/packages/packages.go:241.2,241.14 1 1
github.com/AntoineGS/dot-manager/internal/packages/packages.go:259.54,263.43 2 1
github.com/AntoineGS/dot-manager/internal/packages/packages.go:263.43,266.10 2 1
github.com/AntoineGS/dot-manager/internal/packages/packages.go:266.10,270.4 3 0
github.com/AntoineGS/dot-manager/internal/packages/packages.go:271.3,275.16 5 1
github.com/AntoineGS/dot-manager/internal/packages/packages.go:279.2,279.27 1 1
github.com/AntoineGS/dot-manager/internal/packages/packages.go:279.27,280.35 1 1
github.com/AntoineGS/dot-manager/internal/packages/packages.go:280.35,282.18 1 1
github.com/AntoineGS/dot-manager/internal/packages/packages.go:282.18,283.13 1 0
github.com/AntoineGS/dot-manager/internal/packages/packages.go:286.4,286.44 1 1
github.com/AntoineGS/dot-manager/internal/packages/packages.go:286.44,290.12 3 1
github.com/AntoineGS/dot-manager/internal/packages/packages.go:290.12,291.14 1 0
github.com/AntoineGS/dot-manager/internal/packages/packages.go:293.5,297.18 4 1
github.com/AntoineGS/dot-manager/internal/packages/packages.go:303.2,303.37 1 1
github.com/AntoineGS/dot-manager/internal/packages/packages.go:303.37,310.3 5 1
github.com/AntoineGS/dot-manager/internal/packages/packages.go:313.2,313.41 1 1
github.com/AntoineGS/dot-manager/internal/packages/packages.go:313.41,320.3 5 1
github.com/AntoineGS/dot-manager/internal/packages/packages.go:322.2,325.15 3 1
github.com/AntoineGS/dot-manager/internal/packages/packages.go:328.89,331.13 2 1
github.com/AntoineGS/dot-manager/internal/packages/packages.go:332.14,333.83 1 1
github.com/AntoineGS/dot-manager/internal/packages/packages.go:334.11,335.72 1 1
github.com/AntoineGS/dot-manager/internal/packages/packages.go:336.12,337.73 1 0
github.com/AntoineGS/dot-manager/internal/packages/packages.go:338.11,339.80 1 0
github.com/AntoineGS/dot-manager/internal/packages/packages.go:340.11,341.76 1 0
github.com/AntoineGS/dot-manager/internal/packages/packages.go:342.12,343.63 1 0
github.com/AntoineGS/dot-manager/internal/packages/packages.go:344.14,345.126 1 1
github.com/AntoineGS/dot-manager/internal/packages/packages.go:346.13,347.64 1 0
github.com/AntoineGS/dot-manager/internal/packages/packages.go:348.13,349.70 1 0
github.com/AntoineGS/dot-manager/internal/packages/packages.go:350.11,351.73 1 0
github.com/AntoineGS/dot-manager/internal/packages/packages.go:352.10,353.64 1 0
github.com/AntoineGS/dot-manager/internal/packages/packages.go:356.2,356.14 1 1
github.com/AntoineGS/dot-manager/internal/packages/packages.go:356.14,358.3 1 1
github.com/AntoineGS/dot-manager/internal/packages/packages.go:360.2,364.34 4 0
github.com/AntoineGS/dot-manager/internal/packages/packages.go:364.34,366.3 1 0
github.com/AntoineGS/dot-manager/internal/packages/packages.go:368.2,368.51 1 0
github.com/AntoineGS/dot-manager/internal/packages/packages.go:375.67,376.14 1 1
github.com/AntoineGS/dot-manager/internal/packages/packages.go:376.14,378.3 1 1
github.com/AntoineGS/dot-manager/internal/packages/packages.go:380.2,381.40 2 0
github.com/AntoineGS/dot-manager/internal/packages/packages.go:381.40,383.3 1 0
github.com/AntoineGS/dot-manager/internal/packages/packages.go:383.8,385.3 1 0
github.com/AntoineGS/dot-manager/internal/packages/packages.go:387.2,391.34 4 0
github.com/AntoineGS/dot-manager/internal/packages/packages.go:391.34,393.3 1 0
github.com/AntoineGS/dot-manager/internal/packages/packages.go:395.2,395.45 1 0
github.com/AntoineGS/dot-manager/internal/packages/packages.go:402.72,403.14 1 1
github.com/AntoineGS/dot-manager/internal/packages/packages.go:403.14,405.3 1 1
github.com/AntoineGS/dot-manager/internal/packages/packages.go:408.2,409.16 2 0
github.com/AntoineGS/dot-manager/internal/packages/packages.go:409.16,411.3 1 0
github.com/AntoineGS/dot-manager/internal/packages/packages.go:412.2,415.40 2 0
github.com/AntoineGS/dot-manager/internal/packages/packages.go:415.40,417.3 1 0
github.com/AntoineGS/dot-manager/internal/packages/packages.go:420.2,420.15 1 0
github.com/AntoineGS/dot-manager/internal/packages/packages.go:420.15,421.67 1 0
github.com/AntoineGS/dot-manager/internal/packages/packages.go:421.67,424.4 1 0
github.com/AntoineGS/dot-manager/internal/packages/packages.go:428.2,430.40 2 0
github.com/AntoineGS/dot-manager/internal/packages/packages.go:430.40,436.3 3 0
github.com/AntoineGS/dot-manager/internal/packages/packages.go:436.8,438.3 1 0
github.com/AntoineGS/dot-manager/internal/packages/packages.go:440.2,440.42 1 0
github.com/AntoineGS/dot-manager/internal/packages/packages.go:440.42,442.3 1 0
github.com/AntoineGS/dot-manager/internal/packages/packages.go:445.2,445.40 1 0
github.com/AntoineGS/dot-manager/internal/packages/packages.go:445.40,446.54 1 0
github.com/AntoineGS/dot-manager/internal/packages/packages.go:446.54,448.4 1 0
github.com/AntoineGS/dot-manager/internal/packages/packages.go:452.2,455.40 3 0
github.com/AntoineGS/dot-manager/internal/packages/packages.go:455.40,457.3 1 0
github.com/AntoineGS/dot-manager/internal/packages/packages.go:457.8,459.3 1 0
github.com/AntoineGS/dot-manager/internal/packages/packages.go:461.2,465.41 4 0
github.com/AntoineGS/dot-manager/internal/packages/packages.go:465.41,467.3 1 0
github.com/AntoineGS/dot-manager/internal/packages/packages.go:469.2,469.34 1 0
github.com/AntoineGS/dot-manager/internal/packages/packages.go:473.70,476.9 2 1
github.com/AntoineGS/dot-manager/internal/packages/packages.go:476.9,478.3 1 0
github.com/AntoineGS/dot-manager/internal/packages/packages.go:481.2,481.40 1 1
github.com/AntoineGS/dot-manager/internal/packages/packages.go:481.40,483.17 2 0
github.com/AntoineGS/dot-manager/internal/packages/packages.go:483.17,485.4 1 0
github.com/AntoineGS/dot-manager/internal/packages/packages.go:486.3,486.51 1 0
github.com/AntoineGS/dot-manager/internal/packages/packages.go:490.2,491.43 2 1
github.com/AntoineGS/dot-manager/internal/packages/packages.go:491.43,493.3 1 1
github.com/AntoineGS/dot-manager/internal/packages/packages.go:495.2,495.71 1 1
github.com/AntoineGS/dot-manager/internal/packages/packages.go:498.90,500.18 2 1
github.com/AntoineGS/dot-manager/internal/packages/packages.go:500.18,502.3 1 1
github.com/AntoineGS/dot-manager/internal/packages/packages.go:503.2,506.10 3 1
github.com/AntoineGS/dot-manager/internal/packages/packages.go:506.10,510.3 2 1
github.com/AntoineGS/dot-manager/internal/packages/packages.go:510.8,512.3 1 1
github.com/AntoineGS/dot-manager/internal/packages/packages.go:514.2,514.14 1 1
github.com/AntoineGS/dot-manager/internal/packages/packages.go:514.14,516.3 1 1
github.com/AntoineGS/dot-manager/internal/packages/packages.go:518.2,521.34 3 1
github.com/AntoineGS/dot-manager/internal/packages/packages.go:521.34,523.3 1 0
github.com/AntoineGS/dot-manager/internal/packages/packages.go:525.2,525.47 1 1
github.com/AntoineGS/dot-manager/internal/packages/packages.go:528.70,530.10 2 1
github.com/AntoineGS/dot-manager/internal/packages/packages.go:530.10,532.3 1 0
github.com/AntoineGS/dot-manager/internal/packages/packages.go:532.8,534.3 1 1
github.com/AntoineGS/dot-manager/internal/packages/packages.go:536.2,536.14 1 1
github.com/AntoineGS/dot-manager/internal/packages/packages.go:536.14,538.3 1 0
github.com/AntoineGS/dot-manager/internal/packages/packages.go:540.2,543.34 3 1
github.com/AntoineGS/dot-manager/internal/packages/packages.go:543.34,545.3 1 0
github.com/AntoineGS/dot-manager/internal/packages/packages.go:547.2,547.48 1 1
github.com/AntoineGS/dot-manager/internal/packages/packages.go:553.66,555.31 2 1
github.com/AntoineGS/dot-manager/internal/packages/packages.go:555.31,557.3 1 1
github.com/AntoineGS/dot-manager/internal/packages/packages.go:559.2,559.16 1 1
github.com/AntoineGS/dot-manager/internal/packages/packages.go:565.78,568.31 2 1
github.com/AntoineGS/dot-manager/internal/packages/packages.go:568.31,569.46 1 1
github.com/AntoineGS/dot-manager/internal/packages/packages.go:569.46,571.4 1 1
github.com/AntoineGS/dot-manager/internal/packages/packages.go:574.2,574.15 1 1
github.com/AntoineGS/dot-manager/internal/packages/packages.go:580.48,582.34 1 1
github.com/AntoineGS/dot-manager/internal/packages/packages.go:582.34,583.37 1 1
github.com/AntoineGS/dot-manager/internal/packages/packages.go:583.37,585.4 1 1
github.com/AntoineGS/dot-manager/internal/packages/packages.go:588.2,588.35 1 1
github.com/AntoineGS/dot-manager/internal/packages/packages.go:588.35,590.3 1 1
github.com/AntoineGS/dot-manager/internal/packages/packages.go:592.2,592.32 1 1
github.com/AntoineGS/dot-manager/internal/packages/packages.go:592.32,594.3 1 1
github.com/AntoineGS/dot-manager/internal/packages/packages.go:596.2,596.14 1 1
github.com/AntoineGS/dot-manager/internal/packages/packages.go:602.54,605.40 2 1
github.com/AntoineGS/dot-manager/internal/packages/packages.go:605.40,606.24 1 1
github.com/AntoineGS/dot-manager/internal/packages/packages.go:606.24,608.4 1 1
github.com/AntoineGS/dot-manager/internal/packages/packages.go:611.2,611.15 1 1
github.com/AntoineGS/dot-manager/internal/packages/packages.go:618.56,619.34 1 1
github.com/AntoineGS/dot-manager/internal/packages/packages.go:619.34,620.37 1 1
github.com/AntoineGS/dot-manager/internal/packages/packages.go:620.37,622.4 1 1
github.com/AntoineGS/dot-manager/internal/packages/packages.go:625.2,625.35 1 1
github.com/AntoineGS/dot-manager/internal/packages/packages.go:625.35,627.3 1 1
github.com/AntoineGS/dot-manager/internal/packages/packages.go:629.2,629.32 1 1
github.com/AntoineGS/dot-manager/internal/packages/packages.go:629.32,631.3 1 1
github.com/AntoineGS/dot-manager/internal/packages/packages.go:633.2,633.15 1 1
github.com/AntoineGS/dot-manager/internal/packages/packages.go:639.55,642.33 2 0
github.com/AntoineGS/dot-manager/internal/packages/packages.go:643.25,644.75 1 0
github.com/AntoineGS/dot-manager/internal/packages/packages.go:645.11,646.73 1 0
github.com/AntoineGS/dot-manager/internal/packages/packages.go:647.11,648.72 1 0
github.com/AntoineGS/dot-manager/internal/packages/packages.go:649.12,650.75 1 0
github.com/AntoineGS/dot-manager/internal/packages/packages.go:651.14,652.85 1 0
github.com/AntoineGS/dot-manager/internal/packages/packages.go:653.13,654.76 1 0
github.com/AntoineGS/dot-manager/internal/packages/packages.go:655.13,656.92 1 0
github.com/AntoineGS/dot-manager/internal/packages/packages.go:657.11,659.15 1 0
github.com/AntoineGS/dot-manager/internal/packages/packages.go:660.10,662.15 1 0
github.com/AntoineGS/dot-manager/internal/packages/packages.go:666.2,670.19 4 0
github.com/AntoineGS/dot-manager/internal/packages/packages.go:677.41,678.22 1 1
github.com/AntoineGS/dot-manager/internal/packages/packages.go:678.22,680.3 1 1
github.com/AntoineGS/dot-manager/internal/packages/packages.go:682.2,683.39 2 1
github.com/AntoineGS/dot-manager/internal/packages/packages.go:683.39,685.17 1 1
github.com/AntoineGS/dot-manager/internal/packages/packages.go:685.17,686.47 1 0
github.com/AntoineGS/dot-manager/internal/packages/packages.go:686.47,693.13 2 0
github.com/AntoineGS/dot-manager/internal/packages/packages.go:696.3,696.34 1 1
github.com/AntoineGS/dot-manager/internal/packages/packages.go:699.2,700.34 2 1
github.com/AntoineGS/dot-manager/internal/packages/packages.go:700.34,705.3 1 1
github.com/AntoineGS/dot-manager/internal/packages/packages.go:707.2,714.3 1 1
github.com/AntoineGS/dot-manager/internal/packages/packages.go:720.52,723.28 2 1
github.com/AntoineGS/dot-manager/internal/packages/packages.go:723.28,724.38 1 1
github.com/AntoineGS/dot-manager/internal/packages/packages.go:724.38,726.4 1 1
github.com/AntoineGS/dot-manager/internal/packages/packages.go:729.2,729.15 1 1
github.com/AntoineGS/dot-manager/internal/tui/components/list_field.go:19.59,27.2 1 1
github.com/AntoineGS/dot-manager/internal/tui/components/list_field.go:30.29,32.2 1 1
github.com/AntoineGS/dot-manager/internal/tui/components/list_field.go:35.28,38.2 2 1
github.com/AntoineGS/dot-manager/internal/tui/components/list_field.go:41.38,43.2 1 1
github.com/AntoineGS/dot-manager/internal/tui/components/list_field.go:46.38,48.2 1 1
github.com/AntoineGS/dot-manager/internal/tui/components/list_field.go:51.37,53.2 1 1
github.com/AntoineGS/dot-manager/internal/tui/components/list_field.go:56.40,58.2 1 1
github.com/AntoineGS/dot-manager/internal/tui/components/list_field.go:61.37,62.18 1 1
github.com/AntoineGS/dot-manager/internal/tui/components/list_field.go:62.18,65.3 2 1
github.com/AntoineGS/dot-manager/internal/tui/components/list_field.go:67.2,67.14 1 1
github.com/AntoineGS/dot-manager/internal/tui/components/list_field.go:71.39,73.23 2 1
github.com/AntoineGS/dot-manager/internal/tui/components/list_field.go:73.23,76.3 2 1
github.com/AntoineGS/dot-manager/internal/tui/components/list_field.go:78.2,78.14 1 1
github.com/AntoineGS/dot-manager/internal/tui/components/list_field.go:82.36,84.2 1 1
github.com/AntoineGS/dot-manager/internal/tui/components/list_field.go:87.39,89.2 1 1
github.com/AntoineGS/dot-manager/internal/tui/components/list_field.go:92.37,93.29 1 1
github.com/AntoineGS/dot-manager/internal/tui/components/list_field.go:93.29,98.3 3 1
github.com/AntoineGS/dot-manager/internal/tui/components/list_field.go:98.8,104.3 4 1
github.com/AntoineGS/dot-manager/internal/tui/components/list_field.go:108.36,109.54 1 1
github.com/AntoineGS/dot-manager/internal/tui/components/list_field.go:109.54,111.52 2 1
github.com/AntoineGS/dot-manager/internal/tui/components/list_field.go:111.52,114.4 1 0
github.com/AntoineGS/dot-manager/internal/tui/components/list_field.go:114.9,116.4 1 1
github.com/AntoineGS/dot-manager/internal/tui/components/list_field.go:118.2,118.19 1 1
github.com/AntoineGS/dot-manager/internal/tui/components/list_field.go:122.34,123.23 1 1
github.com/AntoineGS/dot-manager/internal/tui/components/list_field.go:123.23,125.68 1 1
github.com/AntoineGS/dot-manager/internal/tui/components/list_field.go:125.68,127.4 1 1
github.com/AntoineGS/dot-manager/internal/tui/components/list_field.go:129.2,129.19 1 1
github.com/AntoineGS/dot-manager/internal/tui/components/list_field.go:133.37,134.29 1 1
github.com/AntoineGS/dot-manager/internal/tui/components/list_field.go:134.29,136.47 2 1
github.com/AntoineGS/dot-manager/internal/tui/components/list_field.go:136.47,138.4 1 1
github.com/AntoineGS/dot-manager/internal/tui/components/list_field.go:143.49,144.19 1 0
github.com/AntoineGS/dot-manager/internal/tui/components/list_field.go:144.19,146.3 1 0
github.com/AntoineGS/dot-manager/internal/tui/components/list_field.go:148.2,148.12 1 0
github.com/AntoineGS/dot-manager/internal/tui/components/list_field.go:152.49,153.19 1 1
github.com/AntoineGS/dot-manager/internal/tui/components/list_field.go:153.19,155.3 1 1
github.com/AntoineGS/dot-manager/internal/tui/components/list_field.go:157.2,157.12 1 0
github.com/AntoineGS/dot-manager/internal/tui/components/list_field.go:161.43,163.2 1 1
github.com/AntoineGS/dot-manager/internal/tui/components/text_field.go:18.63,32.2 6 1
github.com/AntoineGS/dot-manager/internal/tui/components/text_field.go:35.95,49.2 6 0
github.com/AntoineGS/dot-manager/internal/tui/components/text_field.go:52.29,55.2 2 1
github.com/AntoineGS/dot-manager/internal/tui/components/text_field.go:58.28,62.2 3 1
github.com/AntoineGS/dot-manager/internal/tui/components/text_field.go:65.38,67.2 1 1
github.com/AntoineGS/dot-manager/internal/tui/components/text_field.go:70.38,72.2 1 1
github.com/AntoineGS/dot-manager/internal/tui/components/text_field.go:75.37,79.2 3 1
github.com/AntoineGS/dot-manager/internal/tui/components/text_field.go:82.36,85.2 2 1
github.com/AntoineGS/dot-manager/internal/tui/components/text_field.go:88.36,90.2 1 1
github.com/AntoineGS/dot-manager/internal/tui/components/text_field.go:93.44,95.2 1 1
github.com/AntoineGS/dot-manager/internal/tui/components/text_field.go:98.49,99.16 1 1
github.com/AntoineGS/dot-manager/internal/tui/components/text_field.go:99.16,101.3 1 1
github.com/AntoineGS/dot-manager/internal/tui/components/text_field.go:103.2,106.12 3 1
github.com/AntoineGS/dot-manager/internal/tui/components/text_field.go:110.48,112.2 1 0
github.com/AntoineGS/dot-manager/internal/tui/components/text_field.go:115.40,117.2 1 0
github.com/AntoineGS/dot-manager/internal/tui/add.go:13.67,14.22 1 0
github.com/AntoineGS/dot-manager/internal/tui/add.go:15.23,16.38 1 0
github.com/AntoineGS/dot-manager/internal/tui/add.go:17.20,18.35 1 0
github.com/AntoineGS/dot-manager/internal/tui/add.go:19.16,20.14 1 0
github.com/AntoineGS/dot-manager/internal/tui/add.go:21.10,25.16 3 0
github.com/AntoineGS/dot-manager/internal/tui/add.go:31.37,32.22 1 0
github.com/AntoineGS/dot-manager/internal/tui/add.go:33.23,34.33 1 0
github.com/AntoineGS/dot-manager/internal/tui/add.go:35.20,36.30 1 0
github.com/AntoineGS/dot-manager/internal/tui/add.go:37.16,38.14 1 0
github.com/AntoineGS/dot-manager/internal/tui/add.go:39.10,41.51 1 0
github.com/AntoineGS/dot-manager/internal/tui/add.go:46.53,48.2 1 0
github.com/AntoineGS/dot-manager/internal/tui/add.go:51.58,53.2 1 0
github.com/AntoineGS/dot-manager/internal/tui/add.go:56.71,57.17 1 0
github.com/AntoineGS/dot-manager/internal/tui/add.go:57.17,61.28 2 0
github.com/AntoineGS/dot-manager/internal/tui/add.go:61.28,67.4 1 0
github.com/AntoineGS/dot-manager/internal/tui/add.go:67.9,73.4 1 0
github.com/AntoineGS/dot-manager/internal/tui/add.go:74.8,80.3 1 0
github.com/AntoineGS/dot-manager/internal/tui/add.go:83.2,83.60 1 0
github.com/AntoineGS/dot-manager/internal/tui/add.go:83.60,85.3 1 0
github.com/AntoineGS/dot-manager/internal/tui/add.go:87.2,89.12 2 0
github.com/AntoineGS/dot-manager/internal/tui/add.go:94.80,97.2 1 0
github.com/AntoineGS/dot-manager/internal/tui/add.go:99.74,102.2 1 0
github.com/AntoineGS/dot-manager/internal/tui/add.go:106.95,107.26 1 0
github.com/AntoineGS/dot-manager/internal/tui/add.go:107.26,109.3 1 0
github.com/AntoineGS/dot-manager/internal/tui/add.go:111.2,123.25 4 0
github.com/AntoineGS/dot-manager/internal/tui/add.go:123.25,125.3 1 0
github.com/AntoineGS/dot-manager/internal/tui/add.go:125.8,127.3 1 0
github.com/AntoineGS/dot-manager/internal/tui/add.go:129.2,129.16 1 0
github.com/AntoineGS/dot-manager/internal/tui/add.go:129.16,131.3 1 0
github.com/AntoineGS/dot-manager/internal/tui/add.go:133.2,133.69 1 0
github.com/AntoineGS/dot-manager/internal/tui/app.go:14.93,19.2 3 0
github.com/AntoineGS/dot-manager/internal/tui/app.go:22.113,28.16 4 0
github.com/AntoineGS/dot-manager/internal/tui/app.go:28.16,30.3 1 0
github.com/AntoineGS/dot-manager/internal/tui/app.go:33.2,34.9 2 0
github.com/AntoineGS/dot-manager/internal/tui/app.go:34.9,36.3 1 0
github.com/AntoineGS/dot-manager/internal/tui/app.go:38.2,38.78 1 0
github.com/AntoineGS/dot-manager/internal/tui/app.go:38.78,40.3 1 0
github.com/AntoineGS/dot-manager/internal/tui/app.go:42.2,42.12 1 0
github.com/AntoineGS/dot-manager/internal/tui/app.go:46.118,52.2 4 0
github.com/AntoineGS/dot-manager/internal/tui/app.go:54.33,58.30 3 0
github.com/AntoineGS/dot-manager/internal/tui/app.go:58.30,59.16 1 0
github.com/AntoineGS/dot-manager/internal/tui/app.go:59.16,61.4 1 0
github.com/AntoineGS/dot-manager/internal/tui/app.go:61.9,63.4 1 0
github.com/AntoineGS/dot-manager/internal/tui/app.go:66.2,68.19 2 0
github.com/AntoineGS/dot-manager/internal/tui/app.go:68.19,70.3 1 0
github.com/AntoineGS/dot-manager/internal/tui/app.go:72.2,72.15 1 0
github.com/AntoineGS/dot-manager/internal/tui/app.go:76.24,78.16 2 0
github.com/AntoineGS/dot-manager/internal/tui/app.go:78.16,80.3 1 0
github.com/AntoineGS/dot-manager/internal/tui/app.go:82.2,82.51 1 0
github.com/AntoineGS/dot-manager/internal/tui/autocomplete.go:13.66,14.17 1 1
github.com/AntoineGS/dot-manager/internal/tui/autocomplete.go:14.17,16.3 1 1
github.com/AntoineGS/dot-manager/internal/tui/autocomplete.go:19.2,22.71 2 1
github.com/AntoineGS/dot-manager/internal/tui/autocomplete.go:22.71,24.3 1 0
github.com/AntoineGS/dot-manager/internal/tui/autocomplete.go:27.2,31.91 3 1
github.com/AntoineGS/dot-manager/internal/tui/autocomplete.go:31.91,34.3 2 1
github.com/AntoineGS/dot-manager/internal/tui/autocomplete.go:37.2,38.16 2 1
github.com/AntoineGS/dot-manager/internal/tui/autocomplete.go:38.16,40.3 1 0
github.com/AntoineGS/dot-manager/internal/tui/autocomplete.go:42.2,44.32 2 1
github.com/AntoineGS/dot-manager/internal/tui/autocomplete.go:44.32,48.70 2 1
github.com/AntoineGS/dot-manager/internal/tui/autocomplete.go:48.70,49.12 1 1
github.com/AntoineGS/dot-manager/internal/tui/autocomplete.go:53.3,53.89 1 1
github.com/AntoineGS/dot-manager/internal/tui/autocomplete.go:53.89,54.12 1 1
github.com/AntoineGS/dot-manager/internal/tui/autocomplete.go:58.3,59.48 2 1
github.com/AntoineGS/dot-manager/internal/tui/autocomplete.go:63.2,65.39 2 1
github.com/AntoineGS/dot-manager/internal/tui/autocomplete.go:65.39,67.3 1 0
github.com/AntoineGS/dot-manager/internal/tui/autocomplete.go:69.2,69.20 1 1
github.com/AntoineGS/dot-manager/internal/tui/autocomplete.go:73.73,77.105 2 1
github.com/AntoineGS/dot-manager/internal/tui/autocomplete.go:77.105,79.3 1 1
github.com/AntoineGS/dot-manager/internal/tui/autocomplete.go:79.8,82.19 2 1
github.com/AntoineGS/dot-manager/internal/tui/autocomplete.go:82.19,84.4 1 1
github.com/AntoineGS/dot-manager/internal/tui/autocomplete.go:84.9,86.4 1 0
github.com/AntoineGS/dot-manager/internal/tui/autocomplete.go:89.2,90.11 2 1
github.com/AntoineGS/dot-manager/internal/tui/autocomplete.go:90.11,92.3 1 1
github.com/AntoineGS/dot-manager/internal/tui/autocomplete.go:94.2,94.15 1 1
github.com/AntoineGS/dot-manager/internal/tui/autocomplete.go:98.37,99.35 1 1
github.com/AntoineGS/dot-manager/internal/tui/autocomplete.go:99.35,101.17 2 1
github.com/AntoineGS/dot-manager/internal/tui/autocomplete.go:101.17,103.4 1 0
github.com/AntoineGS/dot-manager/internal/tui/autocomplete.go:105.3,105.39 1 1
github.com/AntoineGS/dot-manager/internal/tui/autocomplete.go:108.2,108.17 1 1
github.com/AntoineGS/dot-manager/internal/tui/autocomplete.go:108.17,110.17 2 1
github.com/AntoineGS/dot-manager/internal/tui/autocomplete.go:110.17,112.4 1 0
github.com/AntoineGS/dot-manager/internal/tui/autocomplete.go:114.3,114.14 1 1
github.com/AntoineGS/dot-manager/internal/tui/autocomplete.go:117.2,117.13 1 1
github.com/AntoineGS/dot-manager/internal/tui/batch_operations.go:35.46,44.37 2 0
github.com/AntoineGS/dot-manager/internal/tui/batch_operations.go:44.37,45.50 1 0
github.com/AntoineGS/dot-manager/internal/tui/batch_operations.go:45.50,47.37 2 0
github.com/AntoineGS/dot-manager/internal/tui/batch_operations.go:47.37,57.5 1 0
github.com/AntoineGS/dot-manager/internal/tui/batch_operations.go:62.2,62.40 1 0
github.com/AntoineGS/dot-manager/internal/tui/batch_operations.go:62.40,64.71 2 0
github.com/AntoineGS/dot-manager/internal/tui/batch_operations.go:64.71,65.12 1 0
github.com/AntoineGS/dot-manager/internal/tui/batch_operations.go:69.3,69.29 1 0
github.com/AntoineGS/dot-manager/internal/tui/batch_operations.go:69.29,70.12 1 0
github.com/AntoineGS/dot-manager/internal/tui/batch_operations.go:73.3,74.65 1 0
github.com/AntoineGS/dot-manager/internal/tui/batch_operations.go:74.65,85.4 2 0
github.com/AntoineGS/dot-manager/internal/tui/batch_operations.go:89.2,89.24 1 0
github.com/AntoineGS/dot-manager/internal/tui/batch_operations.go:89.24,94.30 4 0
github.com/AntoineGS/dot-manager/internal/tui/batch_operations.go:94.30,108.15 4 0
github.com/AntoineGS/dot-manager/internal/tui/batch_operations.go:108.15,110.5 1 0
github.com/AntoineGS/dot-manager/internal/tui/batch_operations.go:110.10,112.5 1 0
github.com/AntoineGS/dot-manager/internal/tui/batch_operations.go:119.3,123.4 1 0
github.com/AntoineGS/dot-manager/internal/tui/batch_operations.go:131.46,135.37 2 0
github.com/AntoineGS/dot-manager/internal/tui/batch_operations.go:135.37,136.50 1 0
github.com/AntoineGS/dot-manager/internal/tui/batch_operations.go:136.50,140.85 2 0
github.com/AntoineGS/dot-manager/internal/tui/batch_operations.go:140.85,151.5 2 0
github.com/AntoineGS/dot-manager/internal/tui/batch_operations.go:156.2,156.24 1 0
github.com/AntoineGS/dot-manager/internal/tui/batch_operations.go:156.24,157.25 1 0
github.com/AntoineGS/dot-manager/internal/tui/batch_operations.go:157.25,163.4 1 0
github.com/AntoineGS/dot-manager/internal/tui/batch_operations.go:169.2,169.24 1 0
github.com/AntoineGS/dot-manager/internal/tui/batch_operations.go:169.24,173.3 1 0
github.com/AntoineGS/dot-manager/internal/tui/batch_operations.go:187.45,199.37 3 0
github.com/AntoineGS/dot-manager/internal/tui/batch_operations.go:199.37,200.50 1 0
github.com/AntoineGS/dot-manager/internal/tui/batch_operations.go:200.50,204.22 3 0
github.com/AntoineGS/dot-manager/internal/tui/batch_operations.go:204.22,211.5 1 0
github.com/AntoineGS/dot-manager/internal/tui/batch_operations.go:216.2,216.40 1 0
github.com/AntoineGS/dot-manager/internal/tui/batch_operations.go:216.40,218.71 2 0
github.com/AntoineGS/dot-manager/internal/tui/batch_operations.go:218.71,219.12 1 0
github.com/AntoineGS/dot-manager/internal/tui/batch_operations.go:223.3,223.29 1 0
github.com/AntoineGS/dot-manager/internal/tui/batch_operations.go:223.29,224.12 1 0
github.com/AntoineGS/dot-manager/internal/tui/batch_operations.go:227.3,228.65 1 0
github.com/AntoineGS/dot-manager/internal/tui/batch_operations.go:228.65,234.24 4 0
github.com/AntoineGS/dot-manager/internal/tui/batch_operations.go:234.24,235.13 1 0
github.com/AntoineGS/dot-manager/internal/tui/batch_operations.go:239.4,240.70 2 0
github.com/AntoineGS/dot-manager/internal/tui/batch_operations.go:240.70,241.45 1 0
github.com/AntoineGS/dot-manager/internal/tui/batch_operations.go:241.45,243.11 2 0
github.com/AntoineGS/dot-manager/internal/tui/batch_operations.go:247.4,247.25 1 0
github.com/AntoineGS/dot-manager/internal/tui/batch_operations.go:247.25,254.5 1 0
github.com/AntoineGS/dot-manager/internal/tui/batch_operations.go:260.2,260.46 1 0
github.com/AntoineGS/dot-manager/internal/tui/batch_operations.go:260.46,262.3 1 0
github.com/AntoineGS/dot-manager/internal/tui/batch_operations.go:265.2,265.24 1 0
github.com/AntoineGS/dot-manager/internal/tui/batch_operations.go:265.24,273.30 5 0
github.com/AntoineGS/dot-manager/internal/tui/batch_operations.go:273.30,275.57 1 0
github.com/AntoineGS/dot-manager/internal/tui/batch_operations.go:275.57,276.13 1 0
github.com/AntoineGS/dot-manager/internal/tui/batch_operations.go:279.4,280.24 2 0
github.com/AntoineGS/dot-manager/internal/tui/batch_operations.go:280.24,282.40 1 0
github.com/AntoineGS/dot-manager/internal/tui/batch_operations.go:282.40,285.71 2 0
github.com/AntoineGS/dot-manager/internal/tui/batch_operations.go:285.71,287.7 1 0
github.com/AntoineGS/dot-manager/internal/tui/batch_operations.go:289.10,292.19 2 0
github.com/AntoineGS/dot-manager/internal/tui/batch_operations.go:292.19,294.6 1 0
github.com/AntoineGS/dot-manager/internal/tui/batch_operations.go:297.4,299.15 3 0
github.com/AntoineGS/dot-manager/internal/tui/batch_operations.go:299.15,302.5 2 0
github.com/AntoineGS/dot-manager/internal/tui/batch_operations.go:302.10,305.5 2 0
github.com/AntoineGS/dot-manager/internal/tui/batch_operations.go:307.4,311.6 1 0
github.com/AntoineGS/dot-manager/internal/tui/batch_operations.go:314.3,318.4 1 0
github.com/AntoineGS/dot-manager/internal/tui/batch_operations.go:325.41,331.2 2 0
github.com/AntoineGS/dot-manager/internal/tui/form_application.go:24.42,72.2 20 0
github.com/AntoineGS/dot-manager/internal/tui/form_application.go:75.53,78.49 1 1
github.com/AntoineGS/dot-manager/internal/tui/form_application.go:78.49,80.3 1 0
github.com/AntoineGS/dot-manager/internal/tui/form_application.go:82.2,84.22 3 1
github.com/AntoineGS/dot-manager/internal/tui/form_application.go:84.22,86.3 1 0
github.com/AntoineGS/dot-manager/internal/tui/form_application.go:88.2,115.40 22 1
github.com/AntoineGS/dot-manager/internal/tui/form_application.go:115.40,116.31 1 0
github.com/AntoineGS/dot-manager/internal/tui/form_application.go:116.31,123.4 1 0
github.com/AntoineGS/dot-manager/internal/tui/form_application.go:124.3,124.31 1 0
github.com/AntoineGS/dot-manager/internal/tui/form_application.go:124.31,131.4 1 0
github.com/AntoineGS/dot-manager/internal/tui/form_application.go:135.2,136.57 2 1
github.com/AntoineGS/dot-manager/internal/tui/form_application.go:136.57,137.42 1 0
github.com/AntoineGS/dot-manager/internal/tui/form_application.go:137.42,139.18 1 0
github.com/AntoineGS/dot-manager/internal/tui/form_application.go:139.18,140.13 1 0
github.com/AntoineGS/dot-manager/internal/tui/form_application.go:143.4,143.33 1 0
github.com/AntoineGS/dot-manager/internal/tui/form_application.go:143.33,145.5 1 0
github.com/AntoineGS/dot-manager/internal/tui/form_application.go:149.2,174.26 3 1
github.com/AntoineGS/dot-manager/internal/tui/form_application.go:178.64,179.30 1 0
github.com/AntoineGS/dot-manager/internal/tui/form_application.go:179.30,181.3 1 0
github.com/AntoineGS/dot-manager/internal/tui/form_application.go:183.2,183.38 1 0
github.com/AntoineGS/dot-manager/internal/tui/form_application.go:184.9,185.22 1 0
github.com/AntoineGS/dot-manager/internal/tui/form_application.go:186.9,187.29 1 0
github.com/AntoineGS/dot-manager/internal/tui/form_application.go:188.9,189.26 1 0
github.com/AntoineGS/dot-manager/internal/tui/form_application.go:190.9,191.25 1 0
github.com/AntoineGS/dot-manager/internal/tui/form_application.go:192.10,193.22 1 0
github.com/AntoineGS/dot-manager/internal/tui/form_application.go:198.75,199.30 1 0
github.com/AntoineGS/dot-manager/internal/tui/form_application.go:199.30,201.3 1 0
github.com/AntoineGS/dot-manager/internal/tui/form_application.go:204.2,204.36 1 0
github.com/AntoineGS/dot-manager/internal/tui/form_application.go:204.36,206.3 1 0
github.com/AntoineGS/dot-manager/internal/tui/form_application.go:209.2,209.38 1 0
github.com/AntoineGS/dot-manager/internal/tui/form_application.go:209.38,211.3 1 0
github.com/AntoineGS/dot-manager/internal/tui/form_application.go:214.2,214.71 1 0
github.com/AntoineGS/dot-manager/internal/tui/form_application.go:214.71,216.3 1 0
github.com/AntoineGS/dot-manager/internal/tui/form_application.go:219.2,219.53 1 0
github.com/AntoineGS/dot-manager/internal/tui/form_application.go:219.53,221.3 1 0
github.com/AntoineGS/dot-manager/internal/tui/form_application.go:224.2,224.52 1 0
github.com/AntoineGS/dot-manager/internal/tui/form_application.go:224.52,226.3 1 0
github.com/AntoineGS/dot-manager/internal/tui/form_application.go:228.2,228.22 1 0
github.com/AntoineGS/dot-manager/internal/tui/form_application.go:229.16,230.21 1 0
github.com/AntoineGS/dot-manager/internal/tui/form_application.go:232.19,237.16 4 0
github.com/AntoineGS/dot-manager/internal/tui/form_application.go:239.20,241.39 2 0
github.com/AntoineGS/dot-manager/internal/tui/form_application.go:241.39,243.4 1 0
github.com/AntoineGS/dot-manager/internal/tui/form_application.go:244.3,245.16 2 0
github.com/AntoineGS/dot-manager/internal/tui/form_application.go:247.17,249.39 2 0
github.com/AntoineGS/dot-manager/internal/tui/form_application.go:249.39,251.4 1 0
github.com/AntoineGS/dot-manager/internal/tui/form_application.go:252.3,253.16 2 0
github.com/AntoineGS/dot-manager/internal/tui/form_application.go:255.14,257.39 2 0
github.com/AntoineGS/dot-manager/internal/tui/form_application.go:257.39,259.4 1 0
github.com/AntoineGS/dot-manager/internal/tui/form_application.go:260.3,261.16 2 0
github.com/AntoineGS/dot-manager/internal/tui/form_application.go:263.19,265.39 2 0
github.com/AntoineGS/dot-manager/internal/tui/form_application.go:265.39,267.4 1 0
github.com/AntoineGS/dot-manager/internal/tui/form_application.go:268.3,269.16 2 0
github.com/AntoineGS/dot-manager/internal/tui/form_application.go:271.21,274.54 2 0
github.com/AntoineGS/dot-manager/internal/tui/form_application.go:274.54,277.4 2 0
github.com/AntoineGS/dot-manager/internal/tui/form_application.go:279.21,281.49 1 0
github.com/AntoineGS/dot-manager/internal/tui/form_application.go:281.49,284.4 2 0
github.com/AntoineGS/dot-manager/internal/tui/form_application.go:286.3,289.16 4 0
github.com/AntoineGS/dot-manager/internal/tui/form_application.go:293.2,295.15 2 0
github.com/AntoineGS/dot-manager/internal/tui/form_application.go:299.81,300.30 1 0
github.com/AntoineGS/dot-manager/internal/tui/form_application.go:300.30,302.3 1 0
github.com/AntoineGS/dot-manager/internal/tui/form_application.go:304.2,307.22 3 0
github.com/AntoineGS/dot-manager/internal/tui/form_application.go:308.16,309.21 1 0
github.com/AntoineGS/dot-manager/internal/tui/form_application.go:311.14,314.16 2 0
github.com/AntoineGS/dot-manager/internal/tui/form_application.go:316.24,320.16 3 0
github.com/AntoineGS/dot-manager/internal/tui/form_application.go:324.2,324.12 1 0
github.com/AntoineGS/dot-manager/internal/tui/form_application.go:325.20,326.77 1 0
github.com/AntoineGS/dot-manager/internal/tui/form_application.go:327.27,328.91 1 0
github.com/AntoineGS/dot-manager/internal/tui/form_application.go:329.41,329.41 0 0
github.com/AntoineGS/dot-manager/internal/tui/form_application.go:334.2,336.15 2 0
github.com/AntoineGS/dot-manager/internal/tui/form_application.go:340.83,341.30 1 0
github.com/AntoineGS/dot-manager/internal/tui/form_application.go:341.30,343.3 1 0
github.com/AntoineGS/dot-manager/internal/tui/form_application.go:345.2,347.22 2 0
github.com/AntoineGS/dot-manager/internal/tui/form_application.go:348.16,349.21 1 0
github.com/AntoineGS/dot-manager/internal/tui/form_application.go:351.19,355.16 4 0
github.com/AntoineGS/dot-manager/internal/tui/form_application.go:357.17,358.43 1 0
github.com/AntoineGS/dot-manager/internal/tui/form_application.go:358.43,360.4 1 0
github.com/AntoineGS/dot-manager/internal/tui/form_application.go:360.9,364.4 2 0
github.com/AntoineGS/dot-manager/internal/tui/form_application.go:365.3,365.16 1 0
github.com/AntoineGS/dot-manager/internal/tui/form_application.go:367.20,368.51 1 0
github.com/AntoineGS/dot-manager/internal/tui/form_application.go:368.51,370.4 1 0
github.com/AntoineGS/dot-manager/internal/tui/form_application.go:370.9,373.40 2 0
github.com/AntoineGS/dot-manager/internal/tui/form_application.go:373.40,375.5 1 0
github.com/AntoineGS/dot-manager/internal/tui/form_application.go:376.4,377.34 2 0
github.com/AntoineGS/dot-manager/internal/tui/form_application.go:379.3,379.16 1 0
github.com/AntoineGS/dot-manager/internal/tui/form_application.go:381.14,383.39 2 0
github.com/AntoineGS/dot-manager/internal/tui/form_application.go:383.39,385.4 1 0
github.com/AntoineGS/dot-manager/internal/tui/form_application.go:386.3,388.16 3 0
github.com/AntoineGS/dot-manager/internal/tui/form_application.go:390.19,393.16 3 0
github.com/AntoineGS/dot-manager/internal/tui/form_application.go:395.26,397.108 1 0
github.com/AntoineGS/dot-manager/internal/tui/form_application.go:397.108,399.4 1 0
github.com/AntoineGS/dot-manager/internal/tui/form_application.go:400.3,404.68 3 0
github.com/AntoineGS/dot-manager/internal/tui/form_application.go:404.68,406.4 1 0
github.com/AntoineGS/dot-manager/internal/tui/form_application.go:408.3,412.16 5 0
github.com/AntoineGS/dot-manager/internal/tui/form_application.go:414.36,416.108 1 0
github.com/AntoineGS/dot-manager/internal/tui/form_application.go:416.108,418.4 1 0
github.com/AntoineGS/dot-manager/internal/tui/form_application.go:419.3,422.16 4 0
github.com/AntoineGS/dot-manager/internal/tui/form_application.go:424.21,426.49 1 0
github.com/AntoineGS/dot-manager/internal/tui/form_application.go:426.49,429.4 2 0
github.com/AntoineGS/dot-manager/internal/tui/form_application.go:430.3,433.16 4 0
github.com/AntoineGS/dot-manager/internal/tui/form_application.go:436.2,436.15 1 0
github.com/AntoineGS/dot-manager/internal/tui/form_application.go:440.83,441.30 1 0
github.com/AntoineGS/dot-manager/internal/tui/form_application.go:441.30,443.3 1 0
github.com/AntoineGS/dot-manager/internal/tui/form_application.go:445.2,447.22 2 0
github.com/AntoineGS/dot-manager/internal/tui/form_application.go:448.16,449.21 1 0
github.com/AntoineGS/dot-manager/internal/tui/form_application.go:451.14,456.16 4 0
github.com/AntoineGS/dot-manager/internal/tui/form_application.go:458.16,460.108 2 0
github.com/AntoineGS/dot-manager/internal/tui/form_application.go:460.108,464.4 3 0
github.com/AntoineGS/dot-manager/internal/tui/form_application.go:465.3,467.20 2 0
github.com/AntoineGS/dot-manager/internal/tui/form_application.go:467.20,470.4 2 0
github.com/AntoineGS/dot-manager/internal/tui/form_application.go:470.9,473.4 1 0
github.com/AntoineGS/dot-manager/internal/tui/form_application.go:475.3,477.16 3 0
github.com/AntoineGS/dot-manager/internal/tui/form_application.go:481.2,483.15 3 0
github.com/AntoineGS/dot-manager/internal/tui/form_application.go:487.82,488.30 1 0
github.com/AntoineGS/dot-manager/internal/tui/form_application.go:488.30,490.3 1 0
github.com/AntoineGS/dot-manager/internal/tui/form_application.go:492.2,494.22 2 0
github.com/AntoineGS/dot-manager/internal/tui/form_application.go:495.16,496.21 1 0
github.com/AntoineGS/dot-manager/internal/tui/form_application.go:498.19,502.16 4 0
github.com/AntoineGS/dot-manager/internal/tui/form_application.go:504.17,505.42 1 0
github.com/AntoineGS/dot-manager/internal/tui/form_application.go:505.42,507.4 1 0
github.com/AntoineGS/dot-manager/internal/tui/form_application.go:507.9,511.4 2 0
github.com/AntoineGS/dot-manager/internal/tui/form_application.go:512.3,512.16 1 0
github.com/AntoineGS/dot-manager/internal/tui/form_application.go:514.20,515.50 1 0
github.com/AntoineGS/dot-manager/internal/tui/form_application.go:515.50,517.4 1 0
github.com/AntoineGS/dot-manager/internal/tui/form_application.go:517.9,522.4 3 0
github.com/AntoineGS/dot-manager/internal/tui/form_application.go:523.3,523.16 1 0
github.com/AntoineGS/dot-manager/internal/tui/form_application.go:525.14,530.16 4 0
github.com/AntoineGS/dot-manager/internal/tui/form_application.go:532.19,536.16 3 0
github.com/AntoineGS/dot-manager/internal/tui/form_application.go:538.20,540.72 1 0
github.com/AntoineGS/dot-manager/internal/tui/form_application.go:540.72,547.4 6 0
github.com/AntoineGS/dot-manager/internal/tui/form_application.go:549.3,549.71 1 0
github.com/AntoineGS/dot-manager/internal/tui/form_application.go:549.71,557.33 7 0
github.com/AntoineGS/dot-manager/internal/tui/form_application.go:557.33,558.20 1 0
github.com/AntoineGS/dot-manager/internal/tui/form_application.go:558.20,560.11 2 0
github.com/AntoineGS/dot-manager/internal/tui/form_application.go:563.4,563.57 1 0
github.com/AntoineGS/dot-manager/internal/tui/form_application.go:565.3,565.16 1 0
github.com/AntoineGS/dot-manager/internal/tui/form_application.go:567.36,569.109 1 0
github.com/AntoineGS/dot-manager/internal/tui/form_application.go:569.109,576.112 2 0
github.com/AntoineGS/dot-manager/internal/tui/form_application.go:576.112,578.5 1 0
github.com/AntoineGS/dot-manager/internal/tui/form_application.go:580.3,581.16 2 0
github.com/AntoineGS/dot-manager/internal/tui/form_application.go:583.21,585.49 1 0
github.com/AntoineGS/dot-manager/internal/tui/form_application.go:585.49,588.4 2 0
github.com/AntoineGS/dot-manager/internal/tui/form_application.go:589.3,592.16 4 0
github.com/AntoineGS/dot-manager/internal/tui/form_application.go:595.2,595.15 1 0
github.com/AntoineGS/dot-manager/internal/tui/form_application.go:601.82,602.30 1 0
github.com/AntoineGS/dot-manager/internal/tui/form_application.go:602.30,604.3 1 0
github.com/AntoineGS/dot-manager/internal/tui/form_application.go:606.2,609.96 2 0
github.com/AntoineGS/dot-manager/internal/tui/form_application.go:609.96,610.23 1 0
github.com/AntoineGS/dot-manager/internal/tui/form_application.go:611.17,612.22 1 0
github.com/AntoineGS/dot-manager/internal/tui/form_application.go:613.15,618.17 4 0
github.com/AntoineGS/dot-manager/internal/tui/form_application.go:619.16,622.19 2 0
github.com/AntoineGS/dot-manager/internal/tui/form_application.go:622.19,624.5 1 0
github.com/AntoineGS/dot-manager/internal/tui/form_application.go:626.4,628.39 2 0
github.com/AntoineGS/dot-manager/internal/tui/form_application.go:628.39,630.123 1 0
github.com/AntoineGS/dot-manager/internal/tui/form_application.go:630.123,637.6 1 0
github.com/AntoineGS/dot-manager/internal/tui/form_application.go:638.5,639.46 2 0
github.com/AntoineGS/dot-manager/internal/tui/form_application.go:640.10,643.43 2 0
github.com/AntoineGS/dot-manager/internal/tui/form_application.go:643.43,645.6 1 0
github.com/AntoineGS/dot-manager/internal/tui/form_application.go:646.5,653.43 3 0
github.com/AntoineGS/dot-manager/internal/tui/form_application.go:655.4,657.17 3 0
github.com/AntoineGS/dot-manager/internal/tui/form_application.go:660.3,662.16 3 0
github.com/AntoineGS/dot-manager/internal/tui/form_application.go:666.2,666.22 1 0
github.com/AntoineGS/dot-manager/internal/tui/form_application.go:667.16,668.21 1 0
github.com/AntoineGS/dot-manager/internal/tui/form_application.go:670.13,678.16 7 0
github.com/AntoineGS/dot-manager/internal/tui/form_application.go:680.17,682.42 1 0
github.com/AntoineGS/dot-manager/internal/tui/form_application.go:683.24,684.51 1 0
github.com/AntoineGS/dot-manager/internal/tui/form_application.go:685.22,686.52 1 0
github.com/AntoineGS/dot-manager/internal/tui/form_application.go:688.3,688.16 1 0
github.com/AntoineGS/dot-manager/internal/tui/form_application.go:690.20,692.42 1 0
github.com/AntoineGS/dot-manager/internal/tui/form_application.go:693.23,694.51 1 0
github.com/AntoineGS/dot-manager/internal/tui/form_application.go:695.22,696.53 1 0
github.com/AntoineGS/dot-manager/internal/tui/form_application.go:698.3,698.16 1 0
github.com/AntoineGS/dot-manager/internal/tui/form_application.go:700.20,702.42 1 0
github.com/AntoineGS/dot-manager/internal/tui/form_application.go:703.23,704.74 1 0
github.com/AntoineGS/dot-manager/internal/tui/form_application.go:705.22,706.45 1 0
github.com/AntoineGS/dot-manager/internal/tui/form_application.go:706.45,708.5 1 0
github.com/AntoineGS/dot-manager/internal/tui/form_application.go:710.3,710.16 1 0
github.com/AntoineGS/dot-manager/internal/tui/form_application.go:712.21,714.42 1 0
github.com/AntoineGS/dot-manager/internal/tui/form_application.go:715.23,716.74 1 0
github.com/AntoineGS/dot-manager/internal/tui/form_application.go:717.22,718.61 1 0
github.com/AntoineGS/dot-manager/internal/tui/form_application.go:718.61,720.5 1 0
github.com/AntoineGS/dot-manager/internal/tui/form_application.go:722.3,722.16 1 0
github.com/AntoineGS/dot-manager/internal/tui/form_application.go:724.14,726.42 1 0
github.com/AntoineGS/dot-manager/internal/tui/form_application.go:727.23,728.51 1 0
github.com/AntoineGS/dot-manager/internal/tui/form_application.go:729.22,732.38 2 0
github.com/AntoineGS/dot-manager/internal/tui/form_application.go:732.38,736.5 3 0
github.com/AntoineGS/dot-manager/internal/tui/form_application.go:737.24,740.97 3 0
github.com/AntoineGS/dot-manager/internal/tui/form_application.go:742.3,742.16 1 0
github.com/AntoineGS/dot-manager/internal/tui/form_application.go:744.21,746.42 1 0
github.com/AntoineGS/dot-manager/internal/tui/form_application.go:747.23,748.51 1 0
github.com/AntoineGS/dot-manager/internal/tui/form_application.go:749.22,752.38 2 0
github.com/AntoineGS/dot-manager/internal/tui/form_application.go:752.38,756.5 3 0
github.com/AntoineGS/dot-manager/internal/tui/form_application.go:757.24,760.97 3 0
github.com/AntoineGS/dot-manager/internal/tui/form_application.go:762.3,762.16 1 0
github.com/AntoineGS/dot-manager/internal/tui/form_application.go:764.19,766.55 1 0
github.com/AntoineGS/dot-manager/internal/tui/form_application.go:766.55,768.4 1 0
github.com/AntoineGS/dot-manager/internal/tui/form_application.go:769.3,769.16 1 0
github.com/AntoineGS/dot-manager/internal/tui/form_application.go:772.2,772.15 1 0
github.com/AntoineGS/dot-manager/internal/tui/form_application.go:776.45,777.30 1 0
github.com/AntoineGS/dot-manager/internal/tui/form_application.go:777.30,779.3 1 0
github.com/AntoineGS/dot-manager/internal/tui/form_application.go:781.2,785.39 3 0
github.com/AntoineGS/dot-manager/internal/tui/form_application.go:785.39,789.3 3 0
github.com/AntoineGS/dot-manager/internal/tui/form_application.go:789.8,793.3 3 0
github.com/AntoineGS/dot-manager/internal/tui/form_application.go:794.2,798.24 3 0
github.com/AntoineGS/dot-manager/internal/tui/form_application.go:798.24,800.3 1 0
github.com/AntoineGS/dot-manager/internal/tui/form_application.go:801.2,806.31 4 0
github.com/AntoineGS/dot-manager/internal/tui/form_application.go:806.31,808.3 1 0
github.com/AntoineGS/dot-manager/internal/tui/form_application.go:809.2,814.28 4 0
github.com/AntoineGS/dot-manager/internal/tui/form_application.go:814.28,816.3 1 0
github.com/AntoineGS/dot-manager/internal/tui/form_application.go:817.2,829.27 5 0
github.com/AntoineGS/dot-manager/internal/tui/form_application.go:829.27,831.3 1 0
github.com/AntoineGS/dot-manager/internal/tui/form_application.go:832.2,848.33 4 0
github.com/AntoineGS/dot-manager/internal/tui/form_application.go:848.33,851.3 2 0
github.com/AntoineGS/dot-manager/internal/tui/form_application.go:854.2,856.37 2 0
github.com/AntoineGS/dot-manager/internal/tui/form_application.go:860.103,861.30 1 0
github.com/AntoineGS/dot-manager/internal/tui/form_application.go:861.30,863.3 1 0
github.com/AntoineGS/dot-manager/internal/tui/form_application.go:865.2,870.19 5 0
github.com/AntoineGS/dot-manager/internal/tui/form_application.go:871.20,872.38 1 0
github.com/AntoineGS/dot-manager/internal/tui/form_application.go:873.27,874.45 1 0
github.com/AntoineGS/dot-manager/internal/tui/form_application.go:875.41,876.21 1 0
github.com/AntoineGS/dot-manager/internal/tui/form_application.go:877.10,878.21 1 0
github.com/AntoineGS/dot-manager/internal/tui/form_application.go:881.2,881.15 1 0
github.com/AntoineGS/dot-manager/internal/tui/form_application.go:881.15,883.3 1 0
github.com/AntoineGS/dot-manager/internal/tui/form_application.go:885.2,886.17 2 0
github.com/AntoineGS/dot-manager/internal/tui/form_application.go:886.17,888.3 1 0
github.com/AntoineGS/dot-manager/internal/tui/form_application.go:890.2,890.15 1 0
github.com/AntoineGS/dot-manager/internal/tui/form_application.go:890.15,892.3 1 0
github.com/AntoineGS/dot-manager/internal/tui/form_application.go:893.2,893.14 1 0
github.com/AntoineGS/dot-manager/internal/tui/form_application.go:897.51,898.30 1 0
github.com/AntoineGS/dot-manager/internal/tui/form_application.go:898.30,900.3 1 0
github.com/AntoineGS/dot-manager/internal/tui/form_application.go:902.2,904.38 2 0
github.com/AntoineGS/dot-manager/internal/tui/form_application.go:904.38,909.3 1 0
github.com/AntoineGS/dot-manager/internal/tui/form_application.go:911.2,911.71 1 0
github.com/AntoineGS/dot-manager/internal/tui/form_application.go:911.71,912.42 1 0
github.com/AntoineGS/dot-manager/internal/tui/form_application.go:913.23,919.5 1 0
github.com/AntoineGS/dot-manager/internal/tui/form_application.go:920.22,925.5 1 0
github.com/AntoineGS/dot-manager/internal/tui/form_application.go:926.24,927.44 1 0
github.com/AntoineGS/dot-manager/internal/tui/form_application.go:927.44,932.5 1 0
github.com/AntoineGS/dot-manager/internal/tui/form_application.go:933.4,936.5 1 0
github.com/AntoineGS/dot-manager/internal/tui/form_application.go:940.2,940.36 1 0
github.com/AntoineGS/dot-manager/internal/tui/form_application.go:940.36,945.3 1 0
github.com/AntoineGS/dot-manager/internal/tui/form_application.go:947.2,947.28 1 0
github.com/AntoineGS/dot-manager/internal/tui/form_application.go:947.28,949.108 1 0
github.com/AntoineGS/dot-manager/internal/tui/form_application.go:949.108,951.56 2 0
github.com/AntoineGS/dot-manager/internal/tui/form_application.go:951.56,958.5 1 0
github.com/AntoineGS/dot-manager/internal/tui/form_application.go:960.3,964.4 1 0
github.com/AntoineGS/dot-manager/internal/tui/form_application.go:967.2,967.27 1 0
github.com/AntoineGS/dot-manager/internal/tui/form_application.go:967.27,968.71 1 0
github.com/AntoineGS/dot-manager/internal/tui/form_application.go:968.71,975.4 1 0
github.com/AntoineGS/dot-manager/internal/tui/form_application.go:976.3,980.4 1 0
github.com/AntoineGS/dot-manager/internal/tui/form_application.go:984.2,988.3 1 0
github.com/AntoineGS/dot-manager/internal/tui/form_application.go:992.45,993.30 1 0
github.com/AntoineGS/dot-manager/internal/tui/form_application.go:993.30,995.3 1 0
github.com/AntoineGS/dot-manager/internal/tui/form_application.go:997.2,1001.16 3 0
github.com/AntoineGS/dot-manager/internal/tui/form_application.go:1001.16,1003.3 1 0
github.com/AntoineGS/dot-manager/internal/tui/form_application.go:1006.2,1010.39 3 0
github.com/AntoineGS/dot-manager/internal/tui/form_application.go:1010.39,1012.3 1 0
github.com/AntoineGS/dot-manager/internal/tui/form_application.go:1013.2,1019.4 1 0
github.com/AntoineGS/dot-manager/internal/tui/form_application.go:1023.46,1024.30 1 0
github.com/AntoineGS/dot-manager/internal/tui/form_application.go:1024.30,1026.3 1 0
github.com/AntoineGS/dot-manager/internal/tui/form_application.go:1028.2,1032.12 4 0
github.com/AntoineGS/dot-manager/internal/tui/form_application.go:1033.20,1034.38 1 0
github.com/AntoineGS/dot-manager/internal/tui/form_application.go:1035.27,1036.45 1 0
github.com/AntoineGS/dot-manager/internal/tui/form_application.go:1037.41,1037.41 0 0
github.com/AntoineGS/dot-manager/internal/tui/form_application.go:1043.49,1044.30 1 0
github.com/AntoineGS/dot-manager/internal/tui/form_application.go:1044.30,1046.3 1 0
github.com/AntoineGS/dot-manager/internal/tui/form_application.go:1048.2,1051.12 3 0
github.com/AntoineGS/dot-manager/internal/tui/form_application.go:1052.20,1055.82 3 0
github.com/AntoineGS/dot-manager/internal/tui/form_application.go:1056.27,1059.96 3 0
github.com/AntoineGS/dot-manager/internal/tui/form_application.go:1060.41,1060.41 0 0
github.com/AntoineGS/dot-manager/internal/tui/form_application.go:1066.46,1067.30 1 0
github.com/AntoineGS/dot-manager/internal/tui/form_application.go:1067.30,1069.3 1 0
github.com/AntoineGS/dot-manager/internal/tui/form_application.go:1071.2,1072.12 2 0
github.com/AntoineGS/dot-manager/internal/tui/form_application.go:1073.20,1074.72 1 0
github.com/AntoineGS/dot-manager/internal/tui/form_application.go:1075.27,1076.79 1 0
github.com/AntoineGS/dot-manager/internal/tui/form_application.go:1077.41,1077.41 0 0
github.com/AntoineGS/dot-manager/internal/tui/form_application.go:1081.2,1083.32 3 0
github.com/AntoineGS/dot-manager/internal/tui/form_application.go:1087.79,1095.12 6 1
github.com/AntoineGS/dot-manager/internal/tui/form_application.go:1095.12,1097.3 1 1
github.com/AntoineGS/dot-manager/internal/tui/form_application.go:1099.2,1103.3 1 1
github.com/AntoineGS/dot-manager/internal/tui/form_application.go:1107.44,1108.50 1 1
github.com/AntoineGS/dot-manager/internal/tui/form_application.go:1108.50,1110.3 1 1
github.com/AntoineGS/dot-manager/internal/tui/form_application.go:1111.2,1111.12 1 1
github.com/AntoineGS/dot-manager/internal/tui/form_shared.go:36.10,39.47 2 0
github.com/AntoineGS/dot-manager/internal/tui/form_shared.go:39.47,44.10 3 0
github.com/AntoineGS/dot-manager/internal/tui/form_shared.go:45.46,46.91 1 0
github.com/AntoineGS/dot-manager/internal/tui/form_shared.go:47.39,49.21 1 0
github.com/AntoineGS/dot-manager/internal/tui/form_shared.go:49.21,51.5 1 0
github.com/AntoineGS/dot-manager/internal/tui/form_shared.go:51.10,53.5 1 0
github.com/AntoineGS/dot-manager/internal/tui/form_shared.go:54.11,56.21 1 0
github.com/AntoineGS/dot-manager/internal/tui/form_shared.go:56.21,58.5 1 0
github.com/AntoineGS/dot-manager/internal/tui/form_shared.go:58.10,60.5 1 0
github.com/AntoineGS/dot-manager/internal/tui/form_shared.go:64.2,64.19 1 0
github.com/AntoineGS/dot-manager/internal/tui/form_shared.go:84.10,88.35 2 0
github.com/AntoineGS/dot-manager/internal/tui/form_shared.go:88.35,98.3 1 0
github.com/AntoineGS/dot-manager/internal/tui/form_shared.go:98.8,100.24 1 0
github.com/AntoineGS/dot-manager/internal/tui/form_shared.go:100.24,103.4 2 0
github.com/AntoineGS/dot-manager/internal/tui/form_shared.go:103.9,104.31 1 0
github.com/AntoineGS/dot-manager/internal/tui/form_shared.go:104.31,108.21 3 0
github.com/AntoineGS/dot-manager/internal/tui/form_shared.go:108.21,110.6 1 0
github.com/AntoineGS/dot-manager/internal/tui/form_shared.go:111.5,113.38 2 0
[...]
github.com/AntoineGS/dot-manager/internal/manager/restore.go:45.3,47.40 2 1
github.com/AntoineGS/dot-manager/internal/manager/restore.go:47.40,49.43 1 1
github.com/AntoineGS/dot-manager/internal/manager/restore.go:49.43,51.5 1 0
github.com/AntoineGS/dot-manager/internal/manager/restore.go:54.4,54.28 1 1
github.com/AntoineGS/dot-manager/internal/manager/restore.go:54.28,59.13 2 1
github.com/AntoineGS/dot-manager/internal/manager/restore.go:62.4,63.20 2 1
github.com/AntoineGS/dot-manager/internal/manager/restore.go:63.20,69.13 2 1
github.com/AntoineGS/dot-manager/internal/manager/restore.go:73.4,75.80 2 1
github.com/AntoineGS/dot-manager/internal/manager/restore.go:75.80,80.5 1 1
github.com/AntoineGS/dot-manager/internal/manager/restore.go:84.2,84.12 1 1
github.com/AntoineGS/dot-manager/internal/manager/restore.go:87.73,90.22 2 1
github.com/AntoineGS/dot-manager/internal/manager/restore.go:90.22,92.3 1 1
github.com/AntoineGS/dot-manager/internal/manager/restore.go:94.2,94.50 1 0
github.com/AntoineGS/dot-manager/internal/manager/restore.go:100.82,102.37 1 1
github.com/AntoineGS/dot-manager/internal/manager/restore.go:102.37,105.3 2 1
github.com/AntoineGS/dot-manager/internal/manager/restore.go:108.2,108.23 1 1
github.com/AntoineGS/dot-manager/internal/manager/restore.go:108.23,110.16 2 1
github.com/AntoineGS/dot-manager/internal/manager/restore.go:110.16,111.44 1 1
github.com/AntoineGS/dot-manager/internal/manager/restore.go:111.44,113.5 1 0
github.com/AntoineGS/dot-manager/internal/manager/restore.go:118.2,118.68 1 1
github.com/AntoineGS/dot-manager/internal/manager/restore.go:118.68,119.16 1 1
github.com/AntoineGS/dot-manager/internal/manager/restore.go:119.16,120.22 1 1
github.com/AntoineGS/dot-manager/internal/manager/restore.go:120.22,123.91 2 1
github.com/AntoineGS/dot-manager/internal/manager/restore.go:123.91,124.24 1 1
github.com/AntoineGS/dot-manager/internal/manager/restore.go:124.24,126.7 1 0
github.com/AntoineGS/dot-manager/internal/manager/restore.go:127.6,127.20 1 1
github.com/AntoineGS/dot-manager/internal/manager/restore.go:127.20,130.7 2 1
github.com/AntoineGS/dot-manager/internal/manager/restore.go:131.6,131.16 1 1
github.com/AntoineGS/dot-manager/internal/manager/restore.go:133.5,133.19 1 1
github.com/AntoineGS/dot-manager/internal/manager/restore.go:133.19,135.6 1 0
github.com/AntoineGS/dot-manager/internal/manager/restore.go:136.5,139.36 1 1
github.com/AntoineGS/dot-manager/internal/manager/restore.go:142.9,148.17 2 1
github.com/AntoineGS/dot-manager/internal/manager/restore.go:148.17,150.76 2 1
github.com/AntoineGS/dot-manager/internal/manager/restore.go:150.76,152.6 1 0
github.com/AntoineGS/dot-manager/internal/manager/restore.go:155.5,155.32 1 1
github.com/AntoineGS/dot-manager/internal/manager/restore.go:155.32,161.53 2 1
github.com/AntoineGS/dot-manager/internal/manager/restore.go:161.53,165.7 1 1
github.com/AntoineGS/dot-manager/internal/manager/restore.go:167.6,167.49 1 1
github.com/AntoineGS/dot-manager/internal/manager/restore.go:167.49,171.7 1 0
github.com/AntoineGS/dot-manager/internal/manager/restore.go:175.5,175.51 1 1
github.com/AntoineGS/dot-manager/internal/manager/restore.go:175.51,179.6 1 0
github.com/AntoineGS/dot-manager/internal/manager/restore.go:185.2,185.47 1 1
github.com/AntoineGS/dot-manager/internal/manager/restore.go:185.47,190.16 2 0
github.com/AntoineGS/dot-manager/internal/manager/restore.go:190.16,193.33 2 0
github.com/AntoineGS/dot-manager/internal/manager/restore.go:193.33,194.63 1 0
github.com/AntoineGS/dot-manager/internal/manager/restore.go:194.63,196.6 1 0
github.com/AntoineGS/dot-manager/internal/manager/restore.go:199.4,199.18 1 0
github.com/AntoineGS/dot-manager/internal/manager/restore.go:199.18,201.37 2 0
github.com/AntoineGS/dot-manager/internal/manager/restore.go:201.37,203.6 1 0
github.com/AntoineGS/dot-manager/internal/manager/restore.go:204.10,205.53 1 0
github.com/AntoineGS/dot-manager/internal/manager/restore.go:205.53,207.6 1 0
github.com/AntoineGS/dot-manager/internal/manager/restore.go:213.2,213.25 1 1
github.com/AntoineGS/dot-manager/internal/manager/restore.go:213.25,216.3 2 1
github.com/AntoineGS/dot-manager/internal/manager/restore.go:219.2,220.28 2 1
github.com/AntoineGS/dot-manager/internal/manager/restore.go:220.28,223.16 2 1
github.com/AntoineGS/dot-manager/internal/manager/restore.go:223.16,224.18 1 1
github.com/AntoineGS/dot-manager/internal/manager/restore.go:224.18,226.37 2 0
github.com/AntoineGS/dot-manager/internal/manager/restore.go:226.37,228.6 1 0
github.com/AntoineGS/dot-manager/internal/manager/restore.go:229.10,230.60 1 1
github.com/AntoineGS/dot-manager/internal/manager/restore.go:230.60,232.6 1 0
github.com/AntoineGS/dot-manager/internal/manager/restore.go:238.2,238.46 1 1
github.com/AntoineGS/dot-manager/internal/manager/restore.go:238.46,241.16 2 1
github.com/AntoineGS/dot-manager/internal/manager/restore.go:241.16,242.18 1 1
github.com/AntoineGS/dot-manager/internal/manager/restore.go:242.18,244.37 2 0
github.com/AntoineGS/dot-manager/internal/manager/restore.go:244.37,246.6 1 0
github.com/AntoineGS/dot-manager/internal/manager/restore.go:247.10,248.45 1 1
github.com/AntoineGS/dot-manager/internal/manager/restore.go:248.45,250.6 1 0
github.com/AntoineGS/dot-manager/internal/manager/restore.go:255.2,259.15 2 1
github.com/AntoineGS/dot-manager/internal/manager/restore.go:259.15,260.67 1 1
github.com/AntoineGS/dot-manager/internal/manager/restore.go:260.67,262.4 1 1
github.com/AntoineGS/dot-manager/internal/manager/restore.go:265.2,265.12 1 1
github.com/AntoineGS/dot-manager/internal/manager/restore.go:271.81,273.25 1 1
github.com/AntoineGS/dot-manager/internal/manager/restore.go:273.25,274.16 1 1
github.com/AntoineGS/dot-manager/internal/manager/restore.go:274.16,275.56 1 1
github.com/AntoineGS/dot-manager/internal/manager/restore.go:275.56,277.5 1 0
github.com/AntoineGS/dot-manager/internal/manager/restore.go:282.2,282.25 1 1
github.com/AntoineGS/dot-manager/internal/manager/restore.go:282.25,285.16 2 1
github.com/AntoineGS/dot-manager/internal/manager/restore.go:285.16,286.18 1 1
github.com/AntoineGS/dot-manager/internal/manager/restore.go:286.18,288.37 2 0
github.com/AntoineGS/dot-manager/internal/manager/restore.go:288.37,290.6 1 0
github.com/AntoineGS/dot-manager/internal/manager/restore.go:291.10,292.57 1 1
github.com/AntoineGS/dot-manager/internal/manager/restore.go:292.57,294.6 1 0
github.com/AntoineGS/dot-manager/internal/manager/restore.go:299.2,299.35 1 1
github.com/AntoineGS/dot-manager/internal/manager/restore.go:299.35,304.40 3 1
github.com/AntoineGS/dot-manager/internal/manager/restore.go:304.40,306.12 2 0
github.com/AntoineGS/dot-manager/internal/manager/restore.go:310.3,310.25 1 1
github.com/AntoineGS/dot-manager/internal/manager/restore.go:310.25,312.17 2 1
github.com/AntoineGS/dot-manager/internal/manager/restore.go:312.17,313.46 1 1
github.com/AntoineGS/dot-manager/internal/manager/restore.go:313.46,315.6 1 0
github.com/AntoineGS/dot-manager/internal/manager/restore.go:320.3,320.72 1 1
github.com/AntoineGS/dot-manager/internal/manager/restore.go:320.72,321.17 1 1
github.com/AntoineGS/dot-manager/internal/manager/restore.go:321.17,322.23 1 0
github.com/AntoineGS/dot-manager/internal/manager/restore.go:322.23,325.6 1 0
github.com/AntoineGS/dot-manager/internal/manager/restore.go:327.10,333.18 2 1
github.com/AntoineGS/dot-manager/internal/manager/restore.go:333.18,335.82 2 1
github.com/AntoineGS/dot-manager/internal/manager/restore.go:335.82,337.7 1 0
github.com/AntoineGS/dot-manager/internal/manager/restore.go:340.6,340.33 1 1
github.com/AntoineGS/dot-manager/internal/manager/restore.go:340.33,341.54 1 1
github.com/AntoineGS/dot-manager/internal/manager/restore.go:341.54,345.8 1 1
github.com/AntoineGS/dot-manager/internal/manager/restore.go:347.7,347.50 1 1
github.com/AntoineGS/dot-manager/internal/manager/restore.go:347.50,351.8 1 0
github.com/AntoineGS/dot-manager/internal/manager/restore.go:358.3,358.50 1 1
github.com/AntoineGS/dot-manager/internal/manager/restore.go:358.50,363.17 2 0
github.com/AntoineGS/dot-manager/internal/manager/restore.go:363.17,365.19 1 0
github.com/AntoineGS/dot-manager/internal/manager/restore.go:365.19,367.38 2 0
github.com/AntoineGS/dot-manager/internal/manager/restore.go:367.38,369.7 1 0
github.com/AntoineGS/dot-manager/internal/manager/restore.go:370.11,371.56 1 0
github.com/AntoineGS/dot-manager/internal/manager/restore.go:371.56,373.56 1 0
github.com/AntoineGS/dot-manager/internal/manager/restore.go:373.56,375.8 1 0
github.com/AntoineGS/dot-manager/internal/manager/restore.go:377.7,377.48 1 0
github.com/AntoineGS/dot-manager/internal/manager/restore.go:377.48,379.8 1 0
github.com/AntoineGS/dot-manager/internal/manager/restore.go:385.3,385.27 1 1
github.com/AntoineGS/dot-manager/internal/manager/restore.go:385.27,387.12 2 1
github.com/AntoineGS/dot-manager/internal/manager/restore.go:391.3,391.49 1 1
github.com/AntoineGS/dot-manager/internal/manager/restore.go:391.49,394.17 2 0
github.com/AntoineGS/dot-manager/internal/manager/restore.go:394.17,395.19 1 0
github.com/AntoineGS/dot-manager/internal/manager/restore.go:395.19,397.38 2 0
github.com/AntoineGS/dot-manager/internal/manager/restore.go:397.38,399.7 1 0
github.com/AntoineGS/dot-manager/internal/manager/restore.go:400.11,401.47 1 0
github.com/AntoineGS/dot-manager/internal/manager/restore.go:401.47,403.7 1 0
github.com/AntoineGS/dot-manager/internal/manager/restore.go:408.3,412.16 2 1
github.com/AntoineGS/dot-manager/internal/manager/restore.go:412.16,413.70 1 1
github.com/AntoineGS/dot-manager/internal/manager/restore.go:413.70,415.5 1 0
github.com/AntoineGS/dot-manager/internal/manager/restore.go:419.2,419.12 1 1
github.com/AntoineGS/dot-manager/internal/manager/restore.go:423.56,424.22 1 1
github.com/AntoineGS/dot-manager/internal/manager/restore.go:424.22,426.3 1 1
github.com/AntoineGS/dot-manager/internal/manager/restore.go:428.2,429.16 2 1
github.com/AntoineGS/dot-manager/internal/manager/restore.go:429.16,431.3 1 0
github.com/AntoineGS/dot-manager/internal/manager/restore.go:433.2,433.31 1 1
github.com/AntoineGS/dot-manager/internal/manager/restore.go:436.63,438.43 1 1
github.com/AntoineGS/dot-manager/internal/manager/restore.go:438.43,439.25 1 1
github.com/AntoineGS/dot-manager/internal/manager/restore.go:439.25,441.4 1 1
github.com/AntoineGS/dot-manager/internal/manager/restore.go:443.3,443.94 1 0
github.com/AntoineGS/dot-manager/internal/manager/restore.go:446.2,446.31 1 1
github.com/AntoineGS/dot-manager/internal/manager/restore.go:446.31,449.17 2 0
github.com/AntoineGS/dot-manager/internal/manager/restore.go:449.17,451.4 1 0
github.com/AntoineGS/dot-manager/internal/manager/restore.go:453.3,453.19 1 0
github.com/AntoineGS/dot-manager/internal/manager/restore.go:453.19,457.4 2 0
github.com/AntoineGS/dot-manager/internal/manager/restore.go:459.3,461.19 2 0
github.com/AntoineGS/dot-manager/internal/manager/restore.go:464.2,464.13 1 1
github.com/AntoineGS/dot-manager/internal/manager/restore.go:464.13,467.3 2 0
github.com/AntoineGS/dot-manager/internal/manager/restore.go:469.2,469.35 1 1
github.com/AntoineGS/dot-manager/internal/manager/restore.go:473.98,476.25 2 1
github.com/AntoineGS/dot-manager/internal/manager/restore.go:476.25,478.3 1 1
github.com/AntoineGS/dot-manager/internal/manager/restore.go:480.2,480.70 1 1
github.com/AntoineGS/dot-manager/internal/manager/restore.go:484.106,487.37 1 1
github.com/AntoineGS/dot-manager/internal/manager/restore.go:487.37,490.3 2 1
github.com/AntoineGS/dot-manager/internal/manager/restore.go:493.2,493.23 1 1
github.com/AntoineGS/dot-manager/internal/manager/restore.go:493.23,495.16 2 0
github.com/AntoineGS/dot-manager/internal/manager/restore.go:495.16,496.44 1 0
github.com/AntoineGS/dot-manager/internal/manager/restore.go:496.44,498.5 1 0
github.com/AntoineGS/dot-manager/internal/manager/restore.go:503.2,503.68 1 1
github.com/AntoineGS/dot-manager/internal/manager/restore.go:503.68,504.16 1 1
github.com/AntoineGS/dot-manager/internal/manager/restore.go:504.16,505.22 1 0
github.com/AntoineGS/dot-manager/internal/manager/restore.go:505.22,508.91 2 0
github.com/AntoineGS/dot-manager/internal/manager/restore.go:508.91,509.24 1 0
github.com/AntoineGS/dot-manager/internal/manager/restore.go:509.24,511.7 1 0
github.com/AntoineGS/dot-manager/internal/manager/restore.go:512.6,512.20 1 0
github.com/AntoineGS/dot-manager/internal/manager/restore.go:512.20,515.7 2 0
github.com/AntoineGS/dot-manager/internal/manager/restore.go:516.6,516.16 1 0
github.com/AntoineGS/dot-manager/internal/manager/restore.go:518.5,518.19 1 0
github.com/AntoineGS/dot-manager/internal/manager/restore.go:518.19,520.6 1 0
github.com/AntoineGS/dot-manager/internal/manager/restore.go:521.5,524.36 1 0
github.com/AntoineGS/dot-manager/internal/manager/restore.go:527.9,533.17 2 1
github.com/AntoineGS/dot-manager/internal/manager/restore.go:533.17,535.79 2 1
github.com/AntoineGS/dot-manager/internal/manager/restore.go:535.79,537.6 1 0
github.com/AntoineGS/dot-manager/internal/manager/restore.go:540.5,540.32 1 1
github.com/AntoineGS/dot-manager/internal/manager/restore.go:540.32,546.53 2 1
github.com/AntoineGS/dot-manager/internal/manager/restore.go:546.53,550.7 1 1
github.com/AntoineGS/dot-manager/internal/manager/restore.go:552.6,552.49 1 1
github.com/AntoineGS/dot-manager/internal/manager/restore.go:552.49,556.7 1 0
github.com/AntoineGS/dot-manager/internal/manager/restore.go:560.5,560.51 1 1
github.com/AntoineGS/dot-manager/internal/manager/restore.go:560.51,564.6 1 0
github.com/AntoineGS/dot-manager/internal/manager/restore.go:569.2,569.47 1 1
github.com/AntoineGS/dot-manager/internal/manager/restore.go:569.47,574.16 2 1
github.com/AntoineGS/dot-manager/internal/manager/restore.go:574.16,576.33 2 1
github.com/AntoineGS/dot-manager/internal/manager/restore.go:576.33,577.63 1 1
github.com/AntoineGS/dot-manager/internal/manager/restore.go:577.63,579.6 1 0
github.com/AntoineGS/dot-manager/internal/manager/restore.go:582.4,582.21 1 1
github.com/AntoineGS/dot-manager/internal/manager/restore.go:582.21,584.37 2 0
github.com/AntoineGS/dot-manager/internal/manager/restore.go:584.37,586.6 1 0
github.com/AntoineGS/dot-manager/internal/manager/restore.go:587.10,588.53 1 1
github.com/AntoineGS/dot-manager/internal/manager/restore.go:588.53,590.6 1 0
github.com/AntoineGS/dot-manager/internal/manager/restore.go:595.2,595.25 1 1
github.com/AntoineGS/dot-manager/internal/manager/restore.go:595.25,598.3 2 1
github.com/AntoineGS/dot-manager/internal/manager/restore.go:600.2,601.28 2 1
github.com/AntoineGS/dot-manager/internal/manager/restore.go:601.28,604.16 2 1
github.com/AntoineGS/dot-manager/internal/manager/restore.go:604.16,605.21 1 1
github.com/AntoineGS/dot-manager/internal/manager/restore.go:605.21,607.37 2 0
github.com/AntoineGS/dot-manager/internal/manager/restore.go:607.37,609.6 1 0
github.com/AntoineGS/dot-manager/internal/manager/restore.go:610.10,611.60 1 1
github.com/AntoineGS/dot-manager/internal/manager/restore.go:611.60,613.6 1 0
github.com/AntoineGS/dot-manager/internal/manager/restore.go:618.2,618.46 1 1
github.com/AntoineGS/dot-manager/internal/manager/restore.go:618.46,621.16 2 1
github.com/AntoineGS/dot-manager/internal/manager/restore.go:621.16,622.21 1 1
github.com/AntoineGS/dot-manager/internal/manager/restore.go:622.21,624.37 2 0
github.com/AntoineGS/dot-manager/internal/manager/restore.go:624.37,626.6 1 0
github.com/AntoineGS/dot-manager/internal/manager/restore.go:627.10,628.45 1 1
github.com/AntoineGS/dot-manager/internal/manager/restore.go:628.45,630.6 1 0
github.com/AntoineGS/dot-manager/internal/manager/restore.go:635.2,639.15 2 1
github.com/AntoineGS/dot-manager/internal/manager/restore.go:639.15,641.3 1 1
github.com/AntoineGS/dot-manager/internal/manager/restore.go:643.2,643.12 1 1
github.com/AntoineGS/dot-manager/internal/manager/restore.go:647.105,649.25 1 1
github.com/AntoineGS/dot-manager/internal/manager/restore.go:649.25,650.16 1 1
github.com/AntoineGS/dot-manager/internal/manager/restore.go:650.16,651.56 1 1
github.com/AntoineGS/dot-manager/internal/manager/restore.go:651.56,653.5 1 0
github.com/AntoineGS/dot-manager/internal/manager/restore.go:657.2,657.25 1 1
github.com/AntoineGS/dot-manager/internal/manager/restore.go:657.25,660.16 2 1
github.com/AntoineGS/dot-manager/internal/manager/restore.go:660.16,661.21 1 1
github.com/AntoineGS/dot-manager/internal/manager/restore.go:661.21,663.37 2 1
github.com/AntoineGS/dot-manager/internal/manager/restore.go:663.37,665.6 1 1
github.com/AntoineGS/dot-manager/internal/manager/restore.go:666.10,667.57 1 0
github.com/AntoineGS/dot-manager/internal/manager/restore.go:667.57,669.6 1 0
github.com/AntoineGS/dot-manager/internal/manager/restore.go:674.2,674.38 1 1
github.com/AntoineGS/dot-manager/internal/manager/restore.go:674.38,679.40 3 1
github.com/AntoineGS/dot-manager/internal/manager/restore.go:679.40,681.12 2 1
github.com/AntoineGS/dot-manager/internal/manager/restore.go:685.3,685.25 1 1
github.com/AntoineGS/dot-manager/internal/manager/restore.go:685.25,687.17 2 0
github.com/AntoineGS/dot-manager/internal/manager/restore.go:687.17,688.46 1 0
github.com/AntoineGS/dot-manager/internal/manager/restore.go:688.46,690.6 1 0
github.com/AntoineGS/dot-manager/internal/manager/restore.go:695.3,695.72 1 1
github.com/AntoineGS/dot-manager/internal/manager/restore.go:695.72,696.17 1 1
github.com/AntoineGS/dot-manager/internal/manager/restore.go:696.17,697.23 1 0
github.com/AntoineGS/dot-manager/internal/manager/restore.go:697.23,700.6 1 0
github.com/AntoineGS/dot-manager/internal/manager/restore.go:702.10,708.18 2 1
github.com/AntoineGS/dot-manager/internal/manager/restore.go:708.18,710.85 2 1
github.com/AntoineGS/dot-manager/internal/manager/restore.go:710.85,712.7 1 0
github.com/AntoineGS/dot-manager/internal/manager/restore.go:715.6,715.33 1 1
github.com/AntoineGS/dot-manager/internal/manager/restore.go:715.33,716.54 1 1
github.com/AntoineGS/dot-manager/internal/manager/restore.go:716.54,720.8 1 1
github.com/AntoineGS/dot-manager/internal/manager/restore.go:722.7,722.50 1 1
github.com/AntoineGS/dot-manager/internal/manager/restore.go:722.50,726.8 1 0
github.com/AntoineGS/dot-manager/internal/manager/restore.go:732.3,732.50 1 1
github.com/AntoineGS/dot-manager/internal/manager/restore.go:732.50,737.17 2 1
github.com/AntoineGS/dot-manager/internal/manager/restore.go:737.17,738.22 1 1
github.com/AntoineGS/dot-manager/internal/manager/restore.go:738.22,740.38 2 0
github.com/AntoineGS/dot-manager/internal/manager/restore.go:740.38,742.7 1 0
github.com/AntoineGS/dot-manager/internal/manager/restore.go:743.11,744.56 1 1
github.com/AntoineGS/dot-manager/internal/manager/restore.go:744.56,745.56 1 0
github.com/AntoineGS/dot-manager/internal/manager/restore.go:745.56,747.8 1 0
github.com/AntoineGS/dot-manager/internal/manager/restore.go:749.7,749.48 1 0
github.com/AntoineGS/dot-manager/internal/manager/restore.go:749.48,751.8 1 0
github.com/AntoineGS/dot-manager/internal/manager/restore.go:757.3,757.27 1 1
github.com/AntoineGS/dot-manager/internal/manager/restore.go:757.27,759.12 2 1
github.com/AntoineGS/dot-manager/internal/manager/restore.go:762.3,762.49 1 1
github.com/AntoineGS/dot-manager/internal/manager/restore.go:762.49,765.17 2 0
github.com/AntoineGS/dot-manager/internal/manager/restore.go:765.17,766.22 1 0
github.com/AntoineGS/dot-manager/internal/manager/restore.go:766.22,768.38 2 0
github.com/AntoineGS/dot-manager/internal/manager/restore.go:768.38,770.7 1 0
github.com/AntoineGS/dot-manager/internal/manager/restore.go:771.11,772.47 1 0
github.com/AntoineGS/dot-manager/internal/manager/restore.go:772.47,774.7 1 0
github.com/AntoineGS/dot-manager/internal/manager/restore.go:779.3,783.16 2 1
github.com/AntoineGS/dot-manager/internal/manager/restore.go:783.16,784.73 1 1
github.com/AntoineGS/dot-manager/internal/manager/restore.go:784.73,786.5 1 0
github.com/AntoineGS/dot-manager/internal/manager/restore.go:790.2,790.12 1 1
